[2020-01-06 05:24:24] local.INFO: select `customerid` from `customer` where `userid` = ?  
[2020-01-06 05:24:24] local.INFO: array (
  0 => '3',
)  
[2020-01-06 05:24:24] local.INFO: 343.72  
[2020-01-06 05:24:24] local.INFO: select * from `customergoal` where `customerid` = ? order by `goalpriority` asc  
[2020-01-06 05:24:24] local.INFO: array (
  0 => 1,
)  
[2020-01-06 05:24:24] local.INFO: 118.05  
[2020-01-06 05:24:24] local.INFO: select * from `customer_surplus_amount` where `customerid` = ?  
[2020-01-06 05:24:24] local.INFO: array (
  0 => 1,
)  
[2020-01-06 05:24:24] local.INFO: 42.94  
[2020-01-06 05:25:03] local.INFO: select `customerid` from `customer` where `userid` = ?  
[2020-01-06 05:25:03] local.INFO: array (
  0 => '117',
)  
[2020-01-06 05:25:03] local.INFO: 9.11  
[2020-01-06 05:25:03] local.INFO: select sum(`purchasevalue`) as aggregate from `customerfunddetailposttran` where `customerid` = ?  
[2020-01-06 05:25:03] local.INFO: array (
  0 => 124,
)  
[2020-01-06 05:25:03] local.INFO: 132.94  
[2020-01-06 05:25:03] local.ERROR: SQLSTATE[42S02]: Base table or view not found: 1146 Table 'wert_local1.globalnavcurrvalues' doesn't exist (SQL: select `customerfunddetailposttran`.`customerid`, `units`, `g`.`nav`, `c`.`startdate` from `customerfunddetailposttran` inner join `globalnavcurrvalues` as `g` on `g`.`fundid` = `customerfunddetailposttran`.`fundid` inner join `customerfundposttran` as `c` on `c`.`customerfundid` = `customerfunddetailposttran`.`customerfundid` where `customerfunddetailposttran`.`customerid` = 124) {"exception":"[object] (Illuminate\\Database\\QueryException(code: 42S02): SQLSTATE[42S02]: Base table or view not found: 1146 Table 'wert_local1.globalnavcurrvalues' doesn't exist (SQL: select `customerfunddetailposttran`.`customerid`, `units`, `g`.`nav`, `c`.`startdate` from `customerfunddetailposttran` inner join `globalnavcurrvalues` as `g` on `g`.`fundid` = `customerfunddetailposttran`.`fundid` inner join `customerfundposttran` as `c` on `c`.`customerfundid` = `customerfunddetailposttran`.`customerfundid` where `customerfunddetailposttran`.`customerid` = 124) at E:\\xampp\\htdocs\\jwtAuthn\\vendor\\laravel\\framework\\src\\Illuminate\\Database\\Connection.php:664, PDOException(code: 42S02): SQLSTATE[42S02]: Base table or view not found: 1146 Table 'wert_local1.globalnavcurrvalues' doesn't exist at E:\\xampp\\htdocs\\jwtAuthn\\vendor\\laravel\\framework\\src\\Illuminate\\Database\\Connection.php:326)
[stacktrace]
#0 E:\\xampp\\htdocs\\jwtAuthn\\vendor\\laravel\\framework\\src\\Illuminate\\Database\\Connection.php(624): Illuminate\\Database\\Connection->runQueryCallback('select `custome...', Array, Object(Closure))
#1 E:\\xampp\\htdocs\\jwtAuthn\\vendor\\laravel\\framework\\src\\Illuminate\\Database\\Connection.php(333): Illuminate\\Database\\Connection->run('select `custome...', Array, Object(Closure))
#2 E:\\xampp\\htdocs\\jwtAuthn\\vendor\\laravel\\framework\\src\\Illuminate\\Database\\Query\\Builder.php(2095): Illuminate\\Database\\Connection->select('select `custome...', Array, true)
#3 E:\\xampp\\htdocs\\jwtAuthn\\vendor\\laravel\\framework\\src\\Illuminate\\Database\\Query\\Builder.php(2083): Illuminate\\Database\\Query\\Builder->runSelect()
#4 E:\\xampp\\htdocs\\jwtAuthn\\vendor\\laravel\\framework\\src\\Illuminate\\Database\\Query\\Builder.php(2569): Illuminate\\Database\\Query\\Builder->Illuminate\\Database\\Query\\{closure}()
#5 E:\\xampp\\htdocs\\jwtAuthn\\vendor\\laravel\\framework\\src\\Illuminate\\Database\\Query\\Builder.php(2084): Illuminate\\Database\\Query\\Builder->onceWithColumns(Array, Object(Closure))
#6 E:\\xampp\\htdocs\\jwtAuthn\\vendor\\laravel\\framework\\src\\Illuminate\\Database\\Eloquent\\Builder.php(519): Illuminate\\Database\\Query\\Builder->get(Array)
#7 E:\\xampp\\htdocs\\jwtAuthn\\vendor\\laravel\\framework\\src\\Illuminate\\Database\\Eloquent\\Builder.php(503): Illuminate\\Database\\Eloquent\\Builder->getModels(Array)
#8 E:\\xampp\\htdocs\\jwtAuthn\\app\\Models\\FundPerformance.php(51): Illuminate\\Database\\Eloquent\\Builder->get()
#9 E:\\xampp\\htdocs\\jwtAuthn\\app\\Http\\Controllers\\GoalController.php(685): App\\Models\\FundPerformance->getCustomerSumInvestmentPostTran(124)
#10 [internal function]: App\\Http\\Controllers\\GoalController->getGoalsSummaryList(Object(Illuminate\\Http\\Request))
#11 E:\\xampp\\htdocs\\jwtAuthn\\vendor\\laravel\\framework\\src\\Illuminate\\Routing\\Controller.php(54): call_user_func_array(Array, Array)
#12 E:\\xampp\\htdocs\\jwtAuthn\\vendor\\laravel\\framework\\src\\Illuminate\\Routing\\ControllerDispatcher.php(45): Illuminate\\Routing\\Controller->callAction('getGoalsSummary...', Array)
#13 E:\\xampp\\htdocs\\jwtAuthn\\vendor\\laravel\\framework\\src\\Illuminate\\Routing\\Route.php(219): Illuminate\\Routing\\ControllerDispatcher->dispatch(Object(Illuminate\\Routing\\Route), Object(App\\Http\\Controllers\\GoalController), 'getGoalsSummary...')
#14 E:\\xampp\\htdocs\\jwtAuthn\\vendor\\laravel\\framework\\src\\Illuminate\\Routing\\Route.php(176): Illuminate\\Routing\\Route->runController()
#15 E:\\xampp\\htdocs\\jwtAuthn\\vendor\\laravel\\framework\\src\\Illuminate\\Routing\\Router.php(682): Illuminate\\Routing\\Route->run()
#16 E:\\xampp\\htdocs\\jwtAuthn\\vendor\\laravel\\framework\\src\\Illuminate\\Routing\\Pipeline.php(30): Illuminate\\Routing\\Router->Illuminate\\Routing\\{closure}(Object(Illuminate\\Http\\Request))
#17 E:\\xampp\\htdocs\\jwtAuthn\\vendor\\barryvdh\\laravel-cors\\src\\HandleCors.php(36): Illuminate\\Routing\\Pipeline->Illuminate\\Routing\\{closure}(Object(Illuminate\\Http\\Request))
#18 E:\\xampp\\htdocs\\jwtAuthn\\vendor\\laravel\\framework\\src\\Illuminate\\Pipeline\\Pipeline.php(163): Barryvdh\\Cors\\HandleCors->handle(Object(Illuminate\\Http\\Request), Object(Closure))
#19 E:\\xampp\\htdocs\\jwtAuthn\\vendor\\laravel\\framework\\src\\Illuminate\\Routing\\Pipeline.php(53): Illuminate\\Pipeline\\Pipeline->Illuminate\\Pipeline\\{closure}(Object(Illuminate\\Http\\Request))
#20 E:\\xampp\\htdocs\\jwtAuthn\\app\\Http\\Middleware\\ApiDataLogger.php(17): Illuminate\\Routing\\Pipeline->Illuminate\\Routing\\{closure}(Object(Illuminate\\Http\\Request))
#21 E:\\xampp\\htdocs\\jwtAuthn\\vendor\\laravel\\framework\\src\\Illuminate\\Pipeline\\Pipeline.php(163): App\\Http\\Middleware\\ApiDataLogger->handle(Object(Illuminate\\Http\\Request), Object(Closure))
#22 E:\\xampp\\htdocs\\jwtAuthn\\vendor\\laravel\\framework\\src\\Illuminate\\Routing\\Pipeline.php(53): Illuminate\\Pipeline\\Pipeline->Illuminate\\Pipeline\\{closure}(Object(Illuminate\\Http\\Request))
#23 E:\\xampp\\htdocs\\jwtAuthn\\vendor\\laravel\\framework\\src\\Illuminate\\Routing\\Middleware\\SubstituteBindings.php(41): Illuminate\\Routing\\Pipeline->Illuminate\\Routing\\{closure}(Object(Illuminate\\Http\\Request))
#24 E:\\xampp\\htdocs\\jwtAuthn\\vendor\\laravel\\framework\\src\\Illuminate\\Pipeline\\Pipeline.php(163): Illuminate\\Routing\\Middleware\\SubstituteBindings->handle(Object(Illuminate\\Http\\Request), Object(Closure))
#25 E:\\xampp\\htdocs\\jwtAuthn\\vendor\\laravel\\framework\\src\\Illuminate\\Routing\\Pipeline.php(53): Illuminate\\Pipeline\\Pipeline->Illuminate\\Pipeline\\{closure}(Object(Illuminate\\Http\\Request))
#26 E:\\xampp\\htdocs\\jwtAuthn\\vendor\\laravel\\framework\\src\\Illuminate\\Routing\\Middleware\\ThrottleRequests.php(58): Illuminate\\Routing\\Pipeline->Illuminate\\Routing\\{closure}(Object(Illuminate\\Http\\Request))
#27 E:\\xampp\\htdocs\\jwtAuthn\\vendor\\laravel\\framework\\src\\Illuminate\\Pipeline\\Pipeline.php(163): Illuminate\\Routing\\Middleware\\ThrottleRequests->handle(Object(Illuminate\\Http\\Request), Object(Closure), 60, '1')
#28 E:\\xampp\\htdocs\\jwtAuthn\\vendor\\laravel\\framework\\src\\Illuminate\\Routing\\Pipeline.php(53): Illuminate\\Pipeline\\Pipeline->Illuminate\\Pipeline\\{closure}(Object(Illuminate\\Http\\Request))
#29 E:\\xampp\\htdocs\\jwtAuthn\\vendor\\laravel\\framework\\src\\Illuminate\\Pipeline\\Pipeline.php(104): Illuminate\\Routing\\Pipeline->Illuminate\\Routing\\{closure}(Object(Illuminate\\Http\\Request))
#30 E:\\xampp\\htdocs\\jwtAuthn\\vendor\\laravel\\framework\\src\\Illuminate\\Routing\\Router.php(684): Illuminate\\Pipeline\\Pipeline->then(Object(Closure))
#31 E:\\xampp\\htdocs\\jwtAuthn\\vendor\\laravel\\framework\\src\\Illuminate\\Routing\\Router.php(659): Illuminate\\Routing\\Router->runRouteWithinStack(Object(Illuminate\\Routing\\Route), Object(Illuminate\\Http\\Request))
#32 E:\\xampp\\htdocs\\jwtAuthn\\vendor\\laravel\\framework\\src\\Illuminate\\Routing\\Router.php(625): Illuminate\\Routing\\Router->runRoute(Object(Illuminate\\Http\\Request), Object(Illuminate\\Routing\\Route))
#33 E:\\xampp\\htdocs\\jwtAuthn\\vendor\\laravel\\framework\\src\\Illuminate\\Routing\\Router.php(614): Illuminate\\Routing\\Router->dispatchToRoute(Object(Illuminate\\Http\\Request))
#34 E:\\xampp\\htdocs\\jwtAuthn\\vendor\\laravel\\framework\\src\\Illuminate\\Foundation\\Http\\Kernel.php(176): Illuminate\\Routing\\Router->dispatch(Object(Illuminate\\Http\\Request))
#35 E:\\xampp\\htdocs\\jwtAuthn\\vendor\\laravel\\framework\\src\\Illuminate\\Routing\\Pipeline.php(30): Illuminate\\Foundation\\Http\\Kernel->Illuminate\\Foundation\\Http\\{closure}(Object(Illuminate\\Http\\Request))
#36 E:\\xampp\\htdocs\\jwtAuthn\\vendor\\barryvdh\\laravel-cors\\src\\HandleCors.php(36): Illuminate\\Routing\\Pipeline->Illuminate\\Routing\\{closure}(Object(Illuminate\\Http\\Request))
#37 E:\\xampp\\htdocs\\jwtAuthn\\vendor\\laravel\\framework\\src\\Illuminate\\Pipeline\\Pipeline.php(163): Barryvdh\\Cors\\HandleCors->handle(Object(Illuminate\\Http\\Request), Object(Closure))
#38 E:\\xampp\\htdocs\\jwtAuthn\\vendor\\laravel\\framework\\src\\Illuminate\\Routing\\Pipeline.php(53): Illuminate\\Pipeline\\Pipeline->Illuminate\\Pipeline\\{closure}(Object(Illuminate\\Http\\Request))
#39 E:\\xampp\\htdocs\\jwtAuthn\\vendor\\fideloper\\proxy\\src\\TrustProxies.php(57): Illuminate\\Routing\\Pipeline->Illuminate\\Routing\\{closure}(Object(Illuminate\\Http\\Request))
#40 E:\\xampp\\htdocs\\jwtAuthn\\vendor\\laravel\\framework\\src\\Illuminate\\Pipeline\\Pipeline.php(163): Fideloper\\Proxy\\TrustProxies->handle(Object(Illuminate\\Http\\Request), Object(Closure))
#41 E:\\xampp\\htdocs\\jwtAuthn\\vendor\\laravel\\framework\\src\\Illuminate\\Routing\\Pipeline.php(53): Illuminate\\Pipeline\\Pipeline->Illuminate\\Pipeline\\{closure}(Object(Illuminate\\Http\\Request))
#42 E:\\xampp\\htdocs\\jwtAuthn\\vendor\\laravel\\framework\\src\\Illuminate\\Foundation\\Http\\Middleware\\TransformsRequest.php(31): Illuminate\\Routing\\Pipeline->Illuminate\\Routing\\{closure}(Object(Illuminate\\Http\\Request))
#43 E:\\xampp\\htdocs\\jwtAuthn\\vendor\\laravel\\framework\\src\\Illuminate\\Pipeline\\Pipeline.php(163): Illuminate\\Foundation\\Http\\Middleware\\TransformsRequest->handle(Object(Illuminate\\Http\\Request), Object(Closure))
#44 E:\\xampp\\htdocs\\jwtAuthn\\vendor\\laravel\\framework\\src\\Illuminate\\Routing\\Pipeline.php(53): Illuminate\\Pipeline\\Pipeline->Illuminate\\Pipeline\\{closure}(Object(Illuminate\\Http\\Request))
#45 E:\\xampp\\htdocs\\jwtAuthn\\vendor\\laravel\\framework\\src\\Illuminate\\Foundation\\Http\\Middleware\\TransformsRequest.php(31): Illuminate\\Routing\\Pipeline->Illuminate\\Routing\\{closure}(Object(Illuminate\\Http\\Request))
#46 E:\\xampp\\htdocs\\jwtAuthn\\vendor\\laravel\\framework\\src\\Illuminate\\Pipeline\\Pipeline.php(163): Illuminate\\Foundation\\Http\\Middleware\\TransformsRequest->handle(Object(Illuminate\\Http\\Request), Object(Closure))
#47 E:\\xampp\\htdocs\\jwtAuthn\\vendor\\laravel\\framework\\src\\Illuminate\\Routing\\Pipeline.php(53): Illuminate\\Pipeline\\Pipeline->Illuminate\\Pipeline\\{closure}(Object(Illuminate\\Http\\Request))
#48 E:\\xampp\\htdocs\\jwtAuthn\\vendor\\laravel\\framework\\src\\Illuminate\\Foundation\\Http\\Middleware\\ValidatePostSize.php(27): Illuminate\\Routing\\Pipeline->Illuminate\\Routing\\{closure}(Object(Illuminate\\Http\\Request))
#49 E:\\xampp\\htdocs\\jwtAuthn\\vendor\\laravel\\framework\\src\\Illuminate\\Pipeline\\Pipeline.php(163): Illuminate\\Foundation\\Http\\Middleware\\ValidatePostSize->handle(Object(Illuminate\\Http\\Request), Object(Closure))
#50 E:\\xampp\\htdocs\\jwtAuthn\\vendor\\laravel\\framework\\src\\Illuminate\\Routing\\Pipeline.php(53): Illuminate\\Pipeline\\Pipeline->Illuminate\\Pipeline\\{closure}(Object(Illuminate\\Http\\Request))
#51 E:\\xampp\\htdocs\\jwtAuthn\\vendor\\laravel\\framework\\src\\Illuminate\\Foundation\\Http\\Middleware\\CheckForMaintenanceMode.php(62): Illuminate\\Routing\\Pipeline->Illuminate\\Routing\\{closure}(Object(Illuminate\\Http\\Request))
#52 E:\\xampp\\htdocs\\jwtAuthn\\vendor\\laravel\\framework\\src\\Illuminate\\Pipeline\\Pipeline.php(163): Illuminate\\Foundation\\Http\\Middleware\\CheckForMaintenanceMode->handle(Object(Illuminate\\Http\\Request), Object(Closure))
#53 E:\\xampp\\htdocs\\jwtAuthn\\vendor\\laravel\\framework\\src\\Illuminate\\Routing\\Pipeline.php(53): Illuminate\\Pipeline\\Pipeline->Illuminate\\Pipeline\\{closure}(Object(Illuminate\\Http\\Request))
#54 E:\\xampp\\htdocs\\jwtAuthn\\vendor\\laravel\\framework\\src\\Illuminate\\Pipeline\\Pipeline.php(104): Illuminate\\Routing\\Pipeline->Illuminate\\Routing\\{closure}(Object(Illuminate\\Http\\Request))
#55 E:\\xampp\\htdocs\\jwtAuthn\\vendor\\laravel\\framework\\src\\Illuminate\\Foundation\\Http\\Kernel.php(151): Illuminate\\Pipeline\\Pipeline->then(Object(Closure))
#56 E:\\xampp\\htdocs\\jwtAuthn\\vendor\\laravel\\framework\\src\\Illuminate\\Foundation\\Http\\Kernel.php(116): Illuminate\\Foundation\\Http\\Kernel->sendRequestThroughRouter(Object(Illuminate\\Http\\Request))
#57 E:\\xampp\\htdocs\\jwtAuthn\\public\\index.php(55): Illuminate\\Foundation\\Http\\Kernel->handle(Object(Illuminate\\Http\\Request))
#58 E:\\xampp\\htdocs\\jwtAuthn\\server.php(21): require_once('E:\\\\xampp\\\\htdocs...')
#59 {main}
"} 
[2020-01-06 05:25:31] local.INFO: select `customerid` from `customer` where `userid` = ?  
[2020-01-06 05:25:31] local.INFO: array (
  0 => '117',
)  
[2020-01-06 05:25:31] local.INFO: 7.51  
[2020-01-06 05:25:31] local.INFO: select sum(`purchasevalue`) as aggregate from `customerfunddetailposttran` where `customerid` = ?  
[2020-01-06 05:25:31] local.INFO: array (
  0 => 124,
)  
[2020-01-06 05:25:31] local.INFO: 1.26  
[2020-01-06 05:25:32] local.INFO: select `customerfunddetailposttran`.`customerid`, `units`, `g`.`nav`, `c`.`startdate` from `customerfunddetailposttran` inner join `globalnavcurrvalue` as `g` on `g`.`fundid` = `customerfunddetailposttran`.`fundid` inner join `customerfundposttran` as `c` on `c`.`customerfundid` = `customerfunddetailposttran`.`customerfundid` where `customerfunddetailposttran`.`customerid` = ?  
[2020-01-06 05:25:32] local.INFO: array (
  0 => 124,
)  
[2020-01-06 05:25:32] local.INFO: 148.54  
[2020-01-06 05:25:32] local.INFO: select sum(`questionoptions`.`score`) as aggregate from `riskprofile` inner join `questionoptions` on `riskprofile`.`optionid` = `questionoptions`.`optionid` where `riskprofile`.`customerid` = ?  
[2020-01-06 05:25:32] local.INFO: array (
  0 => 124,
)  
[2020-01-06 05:25:32] local.INFO: 117.88  
[2020-01-06 05:25:32] local.INFO: select `f`.`orderno`, `customerfunddetailposttran`.`investmentamount`, `d`.`purchasetype`, `f`.`customergoalid`, `fd`.`fundname`, `fc`.`assettype`, `g`.`goalname` from `customerfunddetailposttran` inner join `customerfunddataposttran` as `d` on `d`.`customerid` = `customerfunddetailposttran`.`customerid` inner join `customerfundposttran` as `f` on `f`.`customerid` = `d`.`customerid` inner join `fund` as `fd` on `fd`.`fundid` = `customerfunddetailposttran`.`fundid` inner join `fundclass` as `fc` on `fd`.`fundclassid` = `fc`.`fundclassid` inner join `customergoal` as `g` on `g`.`customergoalid` = `f`.`customergoalid` where `customerfunddetailposttran`.`customerid` = ? order by `customerfunddetailposttran`.`customerfundid` desc limit 10  
[2020-01-06 05:25:32] local.INFO: array (
  0 => 124,
)  
[2020-01-06 05:25:32] local.INFO: 309.14  
[2020-01-06 05:25:32] local.INFO: select `CG`.`customergoalId`, `CG`.`goalname`, `CG`.`futurecost`, sum(customerfunddetailposttran.units * GC.NAV) as totalcurrentvalue, `CG`.`goalpriority`, `CG`.`timeframe`, `fp`.`sipamount`, `fp`.`lumpsumamount` from `customerfunddetailposttran` inner join `globalnavcurrvalue` as `GC` on `GC`.`fundid` = `customerfunddetailposttran`.`fundid` inner join `customergoal` as `CG` on `CG`.`customergoalid` = `customerfunddetailposttran`.`customergoalid` inner join `customerfunddataposttran` as `fp` on `fp`.`funddataid` = `customerfunddetailposttran`.`funddataid` where `customerfunddetailposttran`.`customerid` = ? and `CG`.`customergoalid` != ? group by `customerfunddetailposttran`.`customergoalid` order by `CG`.`goalpriority` asc  
[2020-01-06 05:25:32] local.INFO: array (
  0 => 124,
  1 => '',
)  
[2020-01-06 05:25:32] local.INFO: 80.14  
[2020-01-06 05:30:10] local.INFO: select `customerid` from `customer` where `userid` = ?  
[2020-01-06 05:30:10] local.INFO: array (
  0 => '117',
)  
[2020-01-06 05:30:10] local.INFO: 21.17  
[2020-01-06 05:30:10] local.INFO: select sum(`purchasevalue`) as aggregate from `customerfunddetailposttran` where `customerid` = ?  
[2020-01-06 05:30:10] local.INFO: array (
  0 => 124,
)  
[2020-01-06 05:30:10] local.INFO: 1.54  
[2020-01-06 05:30:10] local.INFO: select `customerfunddetailposttran`.`customerid`, `units`, `g`.`nav`, `c`.`startdate` from `customerfunddetailposttran` inner join `globalnavcurrvalue` as `g` on `g`.`fundid` = `customerfunddetailposttran`.`fundid` inner join `customerfundposttran` as `c` on `c`.`customerfundid` = `customerfunddetailposttran`.`customerfundid` where `customerfunddetailposttran`.`customerid` = ?  
[2020-01-06 05:30:10] local.INFO: array (
  0 => 124,
)  
[2020-01-06 05:30:10] local.INFO: 3.03  
[2020-01-06 05:30:10] local.INFO: select sum(`questionoptions`.`score`) as aggregate from `riskprofile` inner join `questionoptions` on `riskprofile`.`optionid` = `questionoptions`.`optionid` where `riskprofile`.`customerid` = ?  
[2020-01-06 05:30:10] local.INFO: array (
  0 => 124,
)  
[2020-01-06 05:30:10] local.INFO: 1.94  
[2020-01-06 05:30:11] local.INFO: select `f`.`orderno`, `customerfunddetailposttran`.`investmentamount`, `d`.`purchasetype`, `f`.`customergoalid`, `fd`.`fundname`, `fc`.`assettype`, `g`.`goalname` from `customerfunddetailposttran` inner join `customerfunddataposttran` as `d` on `d`.`customerid` = `customerfunddetailposttran`.`customerid` inner join `customerfundposttran` as `f` on `f`.`customerid` = `d`.`customerid` inner join `fund` as `fd` on `fd`.`fundid` = `customerfunddetailposttran`.`fundid` inner join `fundclass` as `fc` on `fd`.`fundclassid` = `fc`.`fundclassid` inner join `customergoal` as `g` on `g`.`customergoalid` = `f`.`customergoalid` where `customerfunddetailposttran`.`customerid` = ? order by `customerfunddetailposttran`.`customerfundid` desc limit 10  
[2020-01-06 05:30:11] local.INFO: array (
  0 => 124,
)  
[2020-01-06 05:30:11] local.INFO: 235.02  
[2020-01-06 05:30:11] local.ERROR: SQLSTATE[42S22]: Column not found: 1054 Unknown column 'CG.customergoalIds' in 'field list' (SQL: select `CG`.`customergoalIds`, `CG`.`goalname`, `CG`.`futurecost`, sum(customerfunddetailposttran.units * GC.NAV) as totalcurrentvalue, `CG`.`goalpriority`, `CG`.`timeframe`, `fp`.`sipamount`, `fp`.`lumpsumamount` from `customerfunddetailposttran` inner join `globalnavcurrvalue` as `GC` on `GC`.`fundid` = `customerfunddetailposttran`.`fundid` inner join `customergoal` as `CG` on `CG`.`customergoalid` = `customerfunddetailposttran`.`customergoalid` inner join `customerfunddataposttran` as `fp` on `fp`.`funddataid` = `customerfunddetailposttran`.`funddataid` where `customerfunddetailposttran`.`customerid` = 124 and `CG`.`customergoalid` !=  group by `customerfunddetailposttran`.`customergoalid` order by `CG`.`goalpriority` asc) {"exception":"[object] (Illuminate\\Database\\QueryException(code: 42S22): SQLSTATE[42S22]: Column not found: 1054 Unknown column 'CG.customergoalIds' in 'field list' (SQL: select `CG`.`customergoalIds`, `CG`.`goalname`, `CG`.`futurecost`, sum(customerfunddetailposttran.units * GC.NAV) as totalcurrentvalue, `CG`.`goalpriority`, `CG`.`timeframe`, `fp`.`sipamount`, `fp`.`lumpsumamount` from `customerfunddetailposttran` inner join `globalnavcurrvalue` as `GC` on `GC`.`fundid` = `customerfunddetailposttran`.`fundid` inner join `customergoal` as `CG` on `CG`.`customergoalid` = `customerfunddetailposttran`.`customergoalid` inner join `customerfunddataposttran` as `fp` on `fp`.`funddataid` = `customerfunddetailposttran`.`funddataid` where `customerfunddetailposttran`.`customerid` = 124 and `CG`.`customergoalid` !=  group by `customerfunddetailposttran`.`customergoalid` order by `CG`.`goalpriority` asc) at E:\\xampp\\htdocs\\jwtAuthn\\vendor\\laravel\\framework\\src\\Illuminate\\Database\\Connection.php:664, PDOException(code: 42S22): SQLSTATE[42S22]: Column not found: 1054 Unknown column 'CG.customergoalIds' in 'field list' at E:\\xampp\\htdocs\\jwtAuthn\\vendor\\laravel\\framework\\src\\Illuminate\\Database\\Connection.php:326)
[stacktrace]
#0 E:\\xampp\\htdocs\\jwtAuthn\\vendor\\laravel\\framework\\src\\Illuminate\\Database\\Connection.php(624): Illuminate\\Database\\Connection->runQueryCallback('select `CG`.`cu...', Array, Object(Closure))
#1 E:\\xampp\\htdocs\\jwtAuthn\\vendor\\laravel\\framework\\src\\Illuminate\\Database\\Connection.php(333): Illuminate\\Database\\Connection->run('select `CG`.`cu...', Array, Object(Closure))
#2 E:\\xampp\\htdocs\\jwtAuthn\\vendor\\laravel\\framework\\src\\Illuminate\\Database\\Query\\Builder.php(2095): Illuminate\\Database\\Connection->select('select `CG`.`cu...', Array, true)
#3 E:\\xampp\\htdocs\\jwtAuthn\\vendor\\laravel\\framework\\src\\Illuminate\\Database\\Query\\Builder.php(2083): Illuminate\\Database\\Query\\Builder->runSelect()
#4 E:\\xampp\\htdocs\\jwtAuthn\\vendor\\laravel\\framework\\src\\Illuminate\\Database\\Query\\Builder.php(2569): Illuminate\\Database\\Query\\Builder->Illuminate\\Database\\Query\\{closure}()
#5 E:\\xampp\\htdocs\\jwtAuthn\\vendor\\laravel\\framework\\src\\Illuminate\\Database\\Query\\Builder.php(2084): Illuminate\\Database\\Query\\Builder->onceWithColumns(Array, Object(Closure))
#6 E:\\xampp\\htdocs\\jwtAuthn\\vendor\\laravel\\framework\\src\\Illuminate\\Database\\Eloquent\\Builder.php(519): Illuminate\\Database\\Query\\Builder->get(Array)
#7 E:\\xampp\\htdocs\\jwtAuthn\\vendor\\laravel\\framework\\src\\Illuminate\\Database\\Eloquent\\Builder.php(503): Illuminate\\Database\\Eloquent\\Builder->getModels(Array)
#8 E:\\xampp\\htdocs\\jwtAuthn\\app\\Models\\FundPerformance.php(80): Illuminate\\Database\\Eloquent\\Builder->get()
#9 E:\\xampp\\htdocs\\jwtAuthn\\app\\Http\\Controllers\\GoalController.php(701): App\\Models\\FundPerformance->getCustomerGoals(124)
#10 [internal function]: App\\Http\\Controllers\\GoalController->getGoalsSummaryList(Object(Illuminate\\Http\\Request))
#11 E:\\xampp\\htdocs\\jwtAuthn\\vendor\\laravel\\framework\\src\\Illuminate\\Routing\\Controller.php(54): call_user_func_array(Array, Array)
#12 E:\\xampp\\htdocs\\jwtAuthn\\vendor\\laravel\\framework\\src\\Illuminate\\Routing\\ControllerDispatcher.php(45): Illuminate\\Routing\\Controller->callAction('getGoalsSummary...', Array)
#13 E:\\xampp\\htdocs\\jwtAuthn\\vendor\\laravel\\framework\\src\\Illuminate\\Routing\\Route.php(219): Illuminate\\Routing\\ControllerDispatcher->dispatch(Object(Illuminate\\Routing\\Route), Object(App\\Http\\Controllers\\GoalController), 'getGoalsSummary...')
#14 E:\\xampp\\htdocs\\jwtAuthn\\vendor\\laravel\\framework\\src\\Illuminate\\Routing\\Route.php(176): Illuminate\\Routing\\Route->runController()
#15 E:\\xampp\\htdocs\\jwtAuthn\\vendor\\laravel\\framework\\src\\Illuminate\\Routing\\Router.php(682): Illuminate\\Routing\\Route->run()
#16 E:\\xampp\\htdocs\\jwtAuthn\\vendor\\laravel\\framework\\src\\Illuminate\\Routing\\Pipeline.php(30): Illuminate\\Routing\\Router->Illuminate\\Routing\\{closure}(Object(Illuminate\\Http\\Request))
#17 E:\\xampp\\htdocs\\jwtAuthn\\vendor\\barryvdh\\laravel-cors\\src\\HandleCors.php(36): Illuminate\\Routing\\Pipeline->Illuminate\\Routing\\{closure}(Object(Illuminate\\Http\\Request))
#18 E:\\xampp\\htdocs\\jwtAuthn\\vendor\\laravel\\framework\\src\\Illuminate\\Pipeline\\Pipeline.php(163): Barryvdh\\Cors\\HandleCors->handle(Object(Illuminate\\Http\\Request), Object(Closure))
#19 E:\\xampp\\htdocs\\jwtAuthn\\vendor\\laravel\\framework\\src\\Illuminate\\Routing\\Pipeline.php(53): Illuminate\\Pipeline\\Pipeline->Illuminate\\Pipeline\\{closure}(Object(Illuminate\\Http\\Request))
#20 E:\\xampp\\htdocs\\jwtAuthn\\app\\Http\\Middleware\\ApiDataLogger.php(17): Illuminate\\Routing\\Pipeline->Illuminate\\Routing\\{closure}(Object(Illuminate\\Http\\Request))
#21 E:\\xampp\\htdocs\\jwtAuthn\\vendor\\laravel\\framework\\src\\Illuminate\\Pipeline\\Pipeline.php(163): App\\Http\\Middleware\\ApiDataLogger->handle(Object(Illuminate\\Http\\Request), Object(Closure))
#22 E:\\xampp\\htdocs\\jwtAuthn\\vendor\\laravel\\framework\\src\\Illuminate\\Routing\\Pipeline.php(53): Illuminate\\Pipeline\\Pipeline->Illuminate\\Pipeline\\{closure}(Object(Illuminate\\Http\\Request))
#23 E:\\xampp\\htdocs\\jwtAuthn\\vendor\\laravel\\framework\\src\\Illuminate\\Routing\\Middleware\\SubstituteBindings.php(41): Illuminate\\Routing\\Pipeline->Illuminate\\Routing\\{closure}(Object(Illuminate\\Http\\Request))
#24 E:\\xampp\\htdocs\\jwtAuthn\\vendor\\laravel\\framework\\src\\Illuminate\\Pipeline\\Pipeline.php(163): Illuminate\\Routing\\Middleware\\SubstituteBindings->handle(Object(Illuminate\\Http\\Request), Object(Closure))
#25 E:\\xampp\\htdocs\\jwtAuthn\\vendor\\laravel\\framework\\src\\Illuminate\\Routing\\Pipeline.php(53): Illuminate\\Pipeline\\Pipeline->Illuminate\\Pipeline\\{closure}(Object(Illuminate\\Http\\Request))
#26 E:\\xampp\\htdocs\\jwtAuthn\\vendor\\laravel\\framework\\src\\Illuminate\\Routing\\Middleware\\ThrottleRequests.php(58): Illuminate\\Routing\\Pipeline->Illuminate\\Routing\\{closure}(Object(Illuminate\\Http\\Request))
#27 E:\\xampp\\htdocs\\jwtAuthn\\vendor\\laravel\\framework\\src\\Illuminate\\Pipeline\\Pipeline.php(163): Illuminate\\Routing\\Middleware\\ThrottleRequests->handle(Object(Illuminate\\Http\\Request), Object(Closure), 60, '1')
#28 E:\\xampp\\htdocs\\jwtAuthn\\vendor\\laravel\\framework\\src\\Illuminate\\Routing\\Pipeline.php(53): Illuminate\\Pipeline\\Pipeline->Illuminate\\Pipeline\\{closure}(Object(Illuminate\\Http\\Request))
#29 E:\\xampp\\htdocs\\jwtAuthn\\vendor\\laravel\\framework\\src\\Illuminate\\Pipeline\\Pipeline.php(104): Illuminate\\Routing\\Pipeline->Illuminate\\Routing\\{closure}(Object(Illuminate\\Http\\Request))
#30 E:\\xampp\\htdocs\\jwtAuthn\\vendor\\laravel\\framework\\src\\Illuminate\\Routing\\Router.php(684): Illuminate\\Pipeline\\Pipeline->then(Object(Closure))
#31 E:\\xampp\\htdocs\\jwtAuthn\\vendor\\laravel\\framework\\src\\Illuminate\\Routing\\Router.php(659): Illuminate\\Routing\\Router->runRouteWithinStack(Object(Illuminate\\Routing\\Route), Object(Illuminate\\Http\\Request))
#32 E:\\xampp\\htdocs\\jwtAuthn\\vendor\\laravel\\framework\\src\\Illuminate\\Routing\\Router.php(625): Illuminate\\Routing\\Router->runRoute(Object(Illuminate\\Http\\Request), Object(Illuminate\\Routing\\Route))
#33 E:\\xampp\\htdocs\\jwtAuthn\\vendor\\laravel\\framework\\src\\Illuminate\\Routing\\Router.php(614): Illuminate\\Routing\\Router->dispatchToRoute(Object(Illuminate\\Http\\Request))
#34 E:\\xampp\\htdocs\\jwtAuthn\\vendor\\laravel\\framework\\src\\Illuminate\\Foundation\\Http\\Kernel.php(176): Illuminate\\Routing\\Router->dispatch(Object(Illuminate\\Http\\Request))
#35 E:\\xampp\\htdocs\\jwtAuthn\\vendor\\laravel\\framework\\src\\Illuminate\\Routing\\Pipeline.php(30): Illuminate\\Foundation\\Http\\Kernel->Illuminate\\Foundation\\Http\\{closure}(Object(Illuminate\\Http\\Request))
#36 E:\\xampp\\htdocs\\jwtAuthn\\vendor\\barryvdh\\laravel-cors\\src\\HandleCors.php(36): Illuminate\\Routing\\Pipeline->Illuminate\\Routing\\{closure}(Object(Illuminate\\Http\\Request))
#37 E:\\xampp\\htdocs\\jwtAuthn\\vendor\\laravel\\framework\\src\\Illuminate\\Pipeline\\Pipeline.php(163): Barryvdh\\Cors\\HandleCors->handle(Object(Illuminate\\Http\\Request), Object(Closure))
#38 E:\\xampp\\htdocs\\jwtAuthn\\vendor\\laravel\\framework\\src\\Illuminate\\Routing\\Pipeline.php(53): Illuminate\\Pipeline\\Pipeline->Illuminate\\Pipeline\\{closure}(Object(Illuminate\\Http\\Request))
#39 E:\\xampp\\htdocs\\jwtAuthn\\vendor\\fideloper\\proxy\\src\\TrustProxies.php(57): Illuminate\\Routing\\Pipeline->Illuminate\\Routing\\{closure}(Object(Illuminate\\Http\\Request))
#40 E:\\xampp\\htdocs\\jwtAuthn\\vendor\\laravel\\framework\\src\\Illuminate\\Pipeline\\Pipeline.php(163): Fideloper\\Proxy\\TrustProxies->handle(Object(Illuminate\\Http\\Request), Object(Closure))
#41 E:\\xampp\\htdocs\\jwtAuthn\\vendor\\laravel\\framework\\src\\Illuminate\\Routing\\Pipeline.php(53): Illuminate\\Pipeline\\Pipeline->Illuminate\\Pipeline\\{closure}(Object(Illuminate\\Http\\Request))
#42 E:\\xampp\\htdocs\\jwtAuthn\\vendor\\laravel\\framework\\src\\Illuminate\\Foundation\\Http\\Middleware\\TransformsRequest.php(31): Illuminate\\Routing\\Pipeline->Illuminate\\Routing\\{closure}(Object(Illuminate\\Http\\Request))
#43 E:\\xampp\\htdocs\\jwtAuthn\\vendor\\laravel\\framework\\src\\Illuminate\\Pipeline\\Pipeline.php(163): Illuminate\\Foundation\\Http\\Middleware\\TransformsRequest->handle(Object(Illuminate\\Http\\Request), Object(Closure))
#44 E:\\xampp\\htdocs\\jwtAuthn\\vendor\\laravel\\framework\\src\\Illuminate\\Routing\\Pipeline.php(53): Illuminate\\Pipeline\\Pipeline->Illuminate\\Pipeline\\{closure}(Object(Illuminate\\Http\\Request))
#45 E:\\xampp\\htdocs\\jwtAuthn\\vendor\\laravel\\framework\\src\\Illuminate\\Foundation\\Http\\Middleware\\TransformsRequest.php(31): Illuminate\\Routing\\Pipeline->Illuminate\\Routing\\{closure}(Object(Illuminate\\Http\\Request))
#46 E:\\xampp\\htdocs\\jwtAuthn\\vendor\\laravel\\framework\\src\\Illuminate\\Pipeline\\Pipeline.php(163): Illuminate\\Foundation\\Http\\Middleware\\TransformsRequest->handle(Object(Illuminate\\Http\\Request), Object(Closure))
#47 E:\\xampp\\htdocs\\jwtAuthn\\vendor\\laravel\\framework\\src\\Illuminate\\Routing\\Pipeline.php(53): Illuminate\\Pipeline\\Pipeline->Illuminate\\Pipeline\\{closure}(Object(Illuminate\\Http\\Request))
#48 E:\\xampp\\htdocs\\jwtAuthn\\vendor\\laravel\\framework\\src\\Illuminate\\Foundation\\Http\\Middleware\\ValidatePostSize.php(27): Illuminate\\Routing\\Pipeline->Illuminate\\Routing\\{closure}(Object(Illuminate\\Http\\Request))
#49 E:\\xampp\\htdocs\\jwtAuthn\\vendor\\laravel\\framework\\src\\Illuminate\\Pipeline\\Pipeline.php(163): Illuminate\\Foundation\\Http\\Middleware\\ValidatePostSize->handle(Object(Illuminate\\Http\\Request), Object(Closure))
#50 E:\\xampp\\htdocs\\jwtAuthn\\vendor\\laravel\\framework\\src\\Illuminate\\Routing\\Pipeline.php(53): Illuminate\\Pipeline\\Pipeline->Illuminate\\Pipeline\\{closure}(Object(Illuminate\\Http\\Request))
#51 E:\\xampp\\htdocs\\jwtAuthn\\vendor\\laravel\\framework\\src\\Illuminate\\Foundation\\Http\\Middleware\\CheckForMaintenanceMode.php(62): Illuminate\\Routing\\Pipeline->Illuminate\\Routing\\{closure}(Object(Illuminate\\Http\\Request))
#52 E:\\xampp\\htdocs\\jwtAuthn\\vendor\\laravel\\framework\\src\\Illuminate\\Pipeline\\Pipeline.php(163): Illuminate\\Foundation\\Http\\Middleware\\CheckForMaintenanceMode->handle(Object(Illuminate\\Http\\Request), Object(Closure))
#53 E:\\xampp\\htdocs\\jwtAuthn\\vendor\\laravel\\framework\\src\\Illuminate\\Routing\\Pipeline.php(53): Illuminate\\Pipeline\\Pipeline->Illuminate\\Pipeline\\{closure}(Object(Illuminate\\Http\\Request))
#54 E:\\xampp\\htdocs\\jwtAuthn\\vendor\\laravel\\framework\\src\\Illuminate\\Pipeline\\Pipeline.php(104): Illuminate\\Routing\\Pipeline->Illuminate\\Routing\\{closure}(Object(Illuminate\\Http\\Request))
#55 E:\\xampp\\htdocs\\jwtAuthn\\vendor\\laravel\\framework\\src\\Illuminate\\Foundation\\Http\\Kernel.php(151): Illuminate\\Pipeline\\Pipeline->then(Object(Closure))
#56 E:\\xampp\\htdocs\\jwtAuthn\\vendor\\laravel\\framework\\src\\Illuminate\\Foundation\\Http\\Kernel.php(116): Illuminate\\Foundation\\Http\\Kernel->sendRequestThroughRouter(Object(Illuminate\\Http\\Request))
#57 E:\\xampp\\htdocs\\jwtAuthn\\public\\index.php(55): Illuminate\\Foundation\\Http\\Kernel->handle(Object(Illuminate\\Http\\Request))
#58 E:\\xampp\\htdocs\\jwtAuthn\\server.php(21): require_once('E:\\\\xampp\\\\htdocs...')
#59 {main}
"} 
[2020-01-06 05:32:47] local.INFO: select `customerid` from `customer` where `userid` = ?  
[2020-01-06 05:32:47] local.INFO: array (
  0 => '117',
)  
[2020-01-06 05:32:47] local.INFO: 10.55  
[2020-01-06 05:32:47] local.INFO: select sum(`purchasevalue`) as aggregate from `customerfunddetailposttran` where `customerid` = ?  
[2020-01-06 05:32:47] local.INFO: array (
  0 => 124,
)  
[2020-01-06 05:32:47] local.INFO: 1.17  
[2020-01-06 05:32:47] local.INFO: select `customerfunddetailposttran`.`customerid`, `units`, `g`.`nav`, `c`.`startdate` from `customerfunddetailposttran` inner join `globalnavcurrvalue` as `g` on `g`.`fundid` = `customerfunddetailposttran`.`fundid` inner join `customerfundposttran` as `c` on `c`.`customerfundid` = `customerfunddetailposttran`.`customerfundid` where `customerfunddetailposttran`.`customerid` = ?  
[2020-01-06 05:32:47] local.INFO: array (
  0 => 124,
)  
[2020-01-06 05:32:47] local.INFO: 1.87  
[2020-01-06 05:32:47] local.INFO: select sum(`questionoptions`.`score`) as aggregate from `riskprofile` inner join `questionoptions` on `riskprofile`.`optionid` = `questionoptions`.`optionid` where `riskprofile`.`customerid` = ?  
[2020-01-06 05:32:47] local.INFO: array (
  0 => 124,
)  
[2020-01-06 05:32:47] local.INFO: 5.55  
[2020-01-06 05:32:48] local.INFO: select `f`.`orderno`, `customerfunddetailposttran`.`investmentamount`, `d`.`purchasetype`, `f`.`customergoalid`, `fd`.`fundname`, `fc`.`assettype`, `g`.`goalname` from `customerfunddetailposttran` inner join `customerfunddataposttran` as `d` on `d`.`customerid` = `customerfunddetailposttran`.`customerid` inner join `customerfundposttran` as `f` on `f`.`customerid` = `d`.`customerid` inner join `fund` as `fd` on `fd`.`fundid` = `customerfunddetailposttran`.`fundid` inner join `fundclass` as `fc` on `fd`.`fundclassid` = `fc`.`fundclassid` inner join `customergoal` as `g` on `g`.`customergoalid` = `f`.`customergoalid` where `customerfunddetailposttran`.`customerid` = ? order by `customerfunddetailposttran`.`customerfundid` desc limit 10  
[2020-01-06 05:32:48] local.INFO: array (
  0 => 124,
)  
[2020-01-06 05:32:48] local.INFO: 192.68  
[2020-01-06 05:32:48] local.INFO: select `CG`.`customergoalId`, `CG`.`goalname`, `CG`.`futurecost`, sum(customerfunddetailposttran.units * GC.NAV) as totalcurrentvalue, `CG`.`goalpriority`, `CG`.`timeframe`, `fp`.`sipamount`, `fp`.`lumpsumamount` from `customerfunddetailposttran` inner join `globalnavcurrvalue` as `GC` on `GC`.`fundid` = `customerfunddetailposttran`.`fundid` inner join `customergoal` as `CG` on `CG`.`customergoalid` = `customerfunddetailposttran`.`customergoalid` inner join `customerfunddataposttran` as `fp` on `fp`.`funddataid` = `customerfunddetailposttran`.`funddataid` where `customerfunddetailposttran`.`customerid` = ? and `CG`.`customergoalid` != ? group by `customerfunddetailposttran`.`customergoalid` order by `CG`.`goalpriority` asc  
[2020-01-06 05:32:48] local.INFO: array (
  0 => 124,
  1 => '',
)  
[2020-01-06 05:32:48] local.INFO: 16.04  
