[2020-01-09 05:35:39] local.INFO: select `customerid` from `customer` where `userid` = ?  
[2020-01-09 05:35:39] local.INFO: array (
  0 => '117',
)  
[2020-01-09 05:35:39] local.INFO: 10.4  
[2020-01-09 05:35:39] local.INFO: select sum(`purchasevalue`) as aggregate from `customerfunddetailposttran` where `customerid` = ?  
[2020-01-09 05:35:39] local.INFO: array (
  0 => 124,
)  
[2020-01-09 05:35:39] local.INFO: 1.36  
[2020-01-09 05:35:39] local.INFO: select `customerfunddetailposttran`.`customerid`, `units`, `g`.`nav`, `c`.`startdate` from `customerfunddetailposttran` inner join `globalnavcurrvalue` as `g` on `g`.`fundid` = `customerfunddetailposttran`.`fundid` inner join `customerfundposttran` as `c` on `c`.`customerfundid` = `customerfunddetailposttran`.`customerfundid` where `customerfunddetailposttran`.`customerid` = ?  
[2020-01-09 05:35:39] local.INFO: array (
  0 => 124,
)  
[2020-01-09 05:35:39] local.INFO: 2.03  
[2020-01-09 05:35:39] local.INFO: select sum(`questionoptions`.`score`) as aggregate from `riskprofile` inner join `questionoptions` on `riskprofile`.`optionid` = `questionoptions`.`optionid` where `riskprofile`.`customerid` = ?  
[2020-01-09 05:35:39] local.INFO: array (
  0 => 124,
)  
[2020-01-09 05:35:39] local.INFO: 1.89  
[2020-01-09 05:35:39] local.INFO: select `f`.`orderno`, `customerfunddetailposttran`.`investmentamount`, `d`.`purchasetype`, `f`.`customergoalid`, `fd`.`fundname`, `fc`.`assettype`, `g`.`goalname` from `customerfunddetailposttran` inner join `customerfunddataposttran` as `d` on `d`.`customerid` = `customerfunddetailposttran`.`customerid` inner join `customerfundposttran` as `f` on `f`.`customerid` = `d`.`customerid` inner join `fund` as `fd` on `fd`.`fundid` = `customerfunddetailposttran`.`fundid` inner join `fundclass` as `fc` on `fd`.`fundclassid` = `fc`.`fundclassid` inner join `customergoal` as `g` on `g`.`customergoalid` = `f`.`customergoalid` where `customerfunddetailposttran`.`customerid` = ? order by `customerfunddetailposttran`.`customerfundid` desc limit 10  
[2020-01-09 05:35:39] local.INFO: array (
  0 => 124,
)  
[2020-01-09 05:35:39] local.INFO: 205.2  
[2020-01-09 05:35:39] local.INFO: select `CG`.`customergoalId`, `CG`.`goalname`, `CG`.`futurecost`, sum(customerfunddetailposttran.units * GC.NAV) as totalcurrentvalue, `CG`.`goalpriority`, `CG`.`timeframe`, `fp`.`sipamount`, `fp`.`lumpsumamount` from `customerfunddetailposttran` inner join `globalnavcurrvalue` as `GC` on `GC`.`fundid` = `customerfunddetailposttran`.`fundid` inner join `customergoal` as `CG` on `CG`.`customergoalid` = `customerfunddetailposttran`.`customergoalid` inner join `customerfunddataposttran` as `fp` on `fp`.`funddataid` = `customerfunddetailposttran`.`funddataid` where `customerfunddetailposttran`.`customerid` = ? and `CG`.`customergoalid` != ? group by `customerfunddetailposttran`.`customergoalid` order by `CG`.`goalpriority` asc  
[2020-01-09 05:35:39] local.INFO: array (
  0 => 124,
  1 => '',
)  
[2020-01-09 05:35:39] local.INFO: 21.12  
[2020-01-09 05:35:39] local.INFO: select `CG`.`customergoalId`, `CG`.`goalname`, `CG`.`futurecost`, `CG`.`goalpriority`, `CG`.`timeframe`, `fp`.`sipamount`, `fp`.`lumpsumamount`, `CG`.`createdutcdatetime` from `customerfunddetailposttran` inner join `globalnavcurrvalue` as `GC` on `GC`.`fundid` = `customerfunddetailposttran`.`fundid` inner join `customergoal` as `CG` on `CG`.`customergoalid` = `customerfunddetailposttran`.`customergoalid` inner join `customerfunddataposttran` as `fp` on `fp`.`funddataid` = `customerfunddetailposttran`.`funddataid` inner join `fund` as `fd` on `fd`.`fundid` = `GC`.`fundid` inner join `fundclass` as `fc` on `fd`.`fundclassid` = `fc`.`fundclassid` where `customerfunddetailposttran`.`customergoalid` = ? group by `customerfunddetailposttran`.`customerid`, `CG`.`CustomerGoalId`, `CG`.`GoalName`, `CG`.`FutureCost`, `CG`.`goalpriority`, `CG`.`timeframe`, `fp`.`sipamount`, `fp`.`lumpsumamount`, `fc`.`assettype`  
[2020-01-09 05:35:39] local.INFO: array (
  0 => 'GL456-SSD5-DDDD-FDGJ-DDSF-1920699881KJ',
)  
[2020-01-09 05:35:39] local.INFO: 11.44  
[2020-01-09 05:35:39] local.INFO: select `fc`.`AssetType`, SUM(customerfunddetailposttran.purchasevalue) AS TotalInvestmentValue, SUM(customerfunddetailposttran.units * GC.NAV) AS TotalCurrentValue, ((SUM(customerfunddetailposttran.units * GC.NAV) - SUM(customerfunddetailposttran.purchasevalue))*100.00/SUM(customerfunddetailposttran.purchasevalue))as Growth from `customerfunddetailposttran` inner join `globalnavcurrvalue` as `GC` on `GC`.`fundid` = `customerfunddetailposttran`.`fundid` inner join `customergoal` as `CG` on `CG`.`customergoalid` = `customerfunddetailposttran`.`customergoalid` inner join `customerfunddataposttran` as `fp` on `fp`.`funddataid` = `customerfunddetailposttran`.`funddataid` inner join `fund` as `fd` on `fd`.`fundid` = `GC`.`fundid` inner join `fundclass` as `fc` on `fd`.`fundclassid` = `fc`.`fundclassid` where `customerfunddetailposttran`.`customergoalid` = ? group by `customerfunddetailposttran`.`customerid`, `fc`.`assettype`  
[2020-01-09 05:35:39] local.INFO: array (
  0 => 'GL456-SSD5-DDDD-FDGJ-DDSF-1920699881KJ',
)  
[2020-01-09 05:35:39] local.INFO: 4.42  
[2020-01-09 05:35:39] local.INFO: select `CG`.`customergoalId`, `CG`.`goalname`, `CG`.`futurecost`, `CG`.`goalpriority`, `CG`.`timeframe`, `fp`.`sipamount`, `fp`.`lumpsumamount`, `CG`.`createdutcdatetime` from `customerfunddetailposttran` inner join `globalnavcurrvalue` as `GC` on `GC`.`fundid` = `customerfunddetailposttran`.`fundid` inner join `customergoal` as `CG` on `CG`.`customergoalid` = `customerfunddetailposttran`.`customergoalid` inner join `customerfunddataposttran` as `fp` on `fp`.`funddataid` = `customerfunddetailposttran`.`funddataid` inner join `fund` as `fd` on `fd`.`fundid` = `GC`.`fundid` inner join `fundclass` as `fc` on `fd`.`fundclassid` = `fc`.`fundclassid` where `customerfunddetailposttran`.`customergoalid` = ? group by `customerfunddetailposttran`.`customerid`, `CG`.`CustomerGoalId`, `CG`.`GoalName`, `CG`.`FutureCost`, `CG`.`goalpriority`, `CG`.`timeframe`, `fp`.`sipamount`, `fp`.`lumpsumamount`, `fc`.`assettype`  
[2020-01-09 05:35:39] local.INFO: array (
  0 => 'GL456-SSD5-DDDD-FDGJ-DDSF-36683468KJSD',
)  
[2020-01-09 05:35:39] local.INFO: 8.31  
[2020-01-09 05:35:39] local.INFO: select `fc`.`AssetType`, SUM(customerfunddetailposttran.purchasevalue) AS TotalInvestmentValue, SUM(customerfunddetailposttran.units * GC.NAV) AS TotalCurrentValue, ((SUM(customerfunddetailposttran.units * GC.NAV) - SUM(customerfunddetailposttran.purchasevalue))*100.00/SUM(customerfunddetailposttran.purchasevalue))as Growth from `customerfunddetailposttran` inner join `globalnavcurrvalue` as `GC` on `GC`.`fundid` = `customerfunddetailposttran`.`fundid` inner join `customergoal` as `CG` on `CG`.`customergoalid` = `customerfunddetailposttran`.`customergoalid` inner join `customerfunddataposttran` as `fp` on `fp`.`funddataid` = `customerfunddetailposttran`.`funddataid` inner join `fund` as `fd` on `fd`.`fundid` = `GC`.`fundid` inner join `fundclass` as `fc` on `fd`.`fundclassid` = `fc`.`fundclassid` where `customerfunddetailposttran`.`customergoalid` = ? group by `customerfunddetailposttran`.`customerid`, `fc`.`assettype`  
[2020-01-09 05:35:39] local.INFO: array (
  0 => 'GL456-SSD5-DDDD-FDGJ-DDSF-36683468KJSD',
)  
[2020-01-09 05:35:39] local.INFO: 4.16  
