[2020-01-08 04:47:31] local.INFO: select `CG`.`customergoalId`, `CG`.`goalname`, `CG`.`futurecost`, `CG`.`goalpriority`, `CG`.`timeframe`, `fp`.`sipamount`, `fp`.`lumpsumamount`, `CG`.`createdutcdatetime` from `customerfunddetailposttran` inner join `globalnavcurrvalue` as `GC` on `GC`.`fundid` = `customerfunddetailposttran`.`fundid` inner join `customergoal` as `CG` on `CG`.`customergoalid` = `customerfunddetailposttran`.`customergoalid` inner join `customerfunddataposttran` as `fp` on `fp`.`funddataid` = `customerfunddetailposttran`.`funddataid` inner join `fund` as `fd` on `fd`.`fundid` = `GC`.`fundid` inner join `fundclass` as `fc` on `fd`.`fundclassid` = `fc`.`fundclassid` where `customerfunddetailposttran`.`customergoalid` = ? group by `customerfunddetailposttran`.`customerid`, `CG`.`CustomerGoalId`, `CG`.`GoalName`, `CG`.`FutureCost`, `CG`.`goalpriority`, `CG`.`timeframe`, `fp`.`sipamount`, `fp`.`lumpsumamount`, `fc`.`assettype`  
[2020-01-08 04:47:31] local.INFO: array (
  0 => 'GL456-SSD5-DDDD-FDGJ-DDSF-1920699881KJ',
)  
[2020-01-08 04:47:31] local.INFO: 1483.92  
[2020-01-08 04:47:31] local.INFO: select `fc`.`AssetType`, SUM(customerfunddetailposttran.purchasevalue) AS TotalInvestmentValue, SUM(customerfunddetailposttran.units * GC.NAV) AS TotalCurrentValue, ((SUM(customerfunddetailposttran.units * GC.NAV) - SUM(customerfunddetailposttran.purchasevalue))*100.00/SUM(customerfunddetailposttran.purchasevalue))as Growth from `customerfunddetailposttran` inner join `globalnavcurrvalue` as `GC` on `GC`.`fundid` = `customerfunddetailposttran`.`fundid` inner join `customergoal` as `CG` on `CG`.`customergoalid` = `customerfunddetailposttran`.`customergoalid` inner join `customerfunddataposttran` as `fp` on `fp`.`funddataid` = `customerfunddetailposttran`.`funddataid` inner join `fund` as `fd` on `fd`.`fundid` = `GC`.`fundid` inner join `fundclass` as `fc` on `fd`.`fundclassid` = `fc`.`fundclassid` where `customerfunddetailposttran`.`customergoalid` = ? group by `customerfunddetailposttran`.`customerid`, `fc`.`assettype`  
[2020-01-08 04:47:31] local.INFO: array (
  0 => 'GL456-SSD5-DDDD-FDGJ-DDSF-1920699881KJ',
)  
[2020-01-08 04:47:31] local.INFO: 105.6  
[2020-01-08 04:47:31] local.INFO: select `fc`.`assettype`, `fd`.`fundname`, `CFD`.`purchasetype`, `CFD`.`startdate`, SUM(customerfunddetailposttran.purchasevalue) AS investmentvalue, SUM(customerfunddetailposttran.units) AS units, SUM(customerfunddetailposttran.units * GC.NAV) as currentvalue, ((SUM(customerfunddetailposttran.units * GC.NAV) - SUM(customerfunddetailposttran.purchasevalue))*100.00/SUM(customerfunddetailposttran.purchasevalue))as Growth from `customerfunddetailposttran` inner join `globalnavcurrvalue` as `GC` on `GC`.`fundid` = `customerfunddetailposttran`.`fundid` inner join `customergoal` as `CG` on `CG`.`customergoalid` = `customerfunddetailposttran`.`customergoalid` inner join `customerfunddataposttran` as `CFD` on `CFD`.`funddataid` = `customerfunddetailposttran`.`funddataid` inner join `fund` as `fd` on `fd`.`fundid` = `GC`.`fundid` inner join `fundclass` as `fc` on `fd`.`fundclassid` = `fc`.`fundclassid` where `customerfunddetailposttran`.`customergoalid` = ? group by `customerfunddetailposttran`.`fundid`, `fc`.`assettype`, `fd`.`fundname`, `CFD`.`purchasetype`, `CFD`.`StartDate`, `GC`.`NAV`  
[2020-01-08 04:47:31] local.INFO: array (
  0 => 'GL456-SSD5-DDDD-FDGJ-DDSF-1920699881KJ',
)  
[2020-01-08 04:47:31] local.INFO: 4.85  
[2020-01-08 05:12:22] local.INFO: select `customerdetail`.`customerid`, `residential_status` from `customerdetail` inner join `customer` as `c` on `c`.`customerid` = `customerdetail`.`customerid` where `userid` = ?  
[2020-01-08 05:12:22] local.INFO: array (
  0 => '3',
)  
[2020-01-08 05:12:22] local.INFO: 290.77  
[2020-01-08 05:12:22] local.INFO: select `subcategory`, `assettype` from `fundclass` where `subcategory` <> ? group by `subcategory` order by `assettype` asc  
[2020-01-08 05:12:22] local.INFO: array (
  0 => '',
)  
[2020-01-08 05:12:22] local.INFO: 2.18  
[2020-01-08 05:12:22] local.INFO: select distinct `fundclass`.`fundclassid`, `fundclass`.`name`, `fundclass`.`assettype`, `fundclass`.`category`, `fundclass`.`subcategory` from `fundclass` inner join `fund` on `fund`.`fundclassid` = `fundclass`.`fundclassid` where `subcategory` = ? and `fundclass`.`inactive` = ?  
[2020-01-08 05:12:22] local.INFO: array (
  0 => 'Short & Mid Term',
  1 => 0,
)  
[2020-01-08 05:12:22] local.INFO: 268.74  
[2020-01-08 05:12:22] local.ERROR: Too few arguments to function App\Models\FundProducts::getFundProducts(), 2 passed in E:\xampp\htdocs\jwtAuthn\app\Http\Controllers\FundBasicInfoController.php on line 567 and exactly 4 expected {"exception":"[object] (Symfony\\Component\\Debug\\Exception\\FatalThrowableError(code: 0): Too few arguments to function App\\Models\\FundProducts::getFundProducts(), 2 passed in E:\\xampp\\htdocs\\jwtAuthn\\app\\Http\\Controllers\\FundBasicInfoController.php on line 567 and exactly 4 expected at E:\\xampp\\htdocs\\jwtAuthn\\app\\Models\\FundProducts.php:19)
[stacktrace]
#0 E:\\xampp\\htdocs\\jwtAuthn\\app\\Http\\Controllers\\FundBasicInfoController.php(567): App\\Models\\FundProducts->getFundProducts(46, 'Resident Indivi...')
#1 [internal function]: App\\Http\\Controllers\\FundBasicInfoController->getMutualFunds(Object(Illuminate\\Http\\Request))
#2 E:\\xampp\\htdocs\\jwtAuthn\\vendor\\laravel\\framework\\src\\Illuminate\\Routing\\Controller.php(54): call_user_func_array(Array, Array)
#3 E:\\xampp\\htdocs\\jwtAuthn\\vendor\\laravel\\framework\\src\\Illuminate\\Routing\\ControllerDispatcher.php(45): Illuminate\\Routing\\Controller->callAction('getMutualFunds', Array)
#4 E:\\xampp\\htdocs\\jwtAuthn\\vendor\\laravel\\framework\\src\\Illuminate\\Routing\\Route.php(219): Illuminate\\Routing\\ControllerDispatcher->dispatch(Object(Illuminate\\Routing\\Route), Object(App\\Http\\Controllers\\FundBasicInfoController), 'getMutualFunds')
#5 E:\\xampp\\htdocs\\jwtAuthn\\vendor\\laravel\\framework\\src\\Illuminate\\Routing\\Route.php(176): Illuminate\\Routing\\Route->runController()
#6 E:\\xampp\\htdocs\\jwtAuthn\\vendor\\laravel\\framework\\src\\Illuminate\\Routing\\Router.php(682): Illuminate\\Routing\\Route->run()
#7 E:\\xampp\\htdocs\\jwtAuthn\\vendor\\laravel\\framework\\src\\Illuminate\\Routing\\Pipeline.php(30): Illuminate\\Routing\\Router->Illuminate\\Routing\\{closure}(Object(Illuminate\\Http\\Request))
#8 E:\\xampp\\htdocs\\jwtAuthn\\vendor\\barryvdh\\laravel-cors\\src\\HandleCors.php(36): Illuminate\\Routing\\Pipeline->Illuminate\\Routing\\{closure}(Object(Illuminate\\Http\\Request))
#9 E:\\xampp\\htdocs\\jwtAuthn\\vendor\\laravel\\framework\\src\\Illuminate\\Pipeline\\Pipeline.php(163): Barryvdh\\Cors\\HandleCors->handle(Object(Illuminate\\Http\\Request), Object(Closure))
#10 E:\\xampp\\htdocs\\jwtAuthn\\vendor\\laravel\\framework\\src\\Illuminate\\Routing\\Pipeline.php(53): Illuminate\\Pipeline\\Pipeline->Illuminate\\Pipeline\\{closure}(Object(Illuminate\\Http\\Request))
#11 E:\\xampp\\htdocs\\jwtAuthn\\app\\Http\\Middleware\\ApiDataLogger.php(17): Illuminate\\Routing\\Pipeline->Illuminate\\Routing\\{closure}(Object(Illuminate\\Http\\Request))
#12 E:\\xampp\\htdocs\\jwtAuthn\\vendor\\laravel\\framework\\src\\Illuminate\\Pipeline\\Pipeline.php(163): App\\Http\\Middleware\\ApiDataLogger->handle(Object(Illuminate\\Http\\Request), Object(Closure))
#13 E:\\xampp\\htdocs\\jwtAuthn\\vendor\\laravel\\framework\\src\\Illuminate\\Routing\\Pipeline.php(53): Illuminate\\Pipeline\\Pipeline->Illuminate\\Pipeline\\{closure}(Object(Illuminate\\Http\\Request))
#14 E:\\xampp\\htdocs\\jwtAuthn\\vendor\\laravel\\framework\\src\\Illuminate\\Routing\\Middleware\\SubstituteBindings.php(41): Illuminate\\Routing\\Pipeline->Illuminate\\Routing\\{closure}(Object(Illuminate\\Http\\Request))
#15 E:\\xampp\\htdocs\\jwtAuthn\\vendor\\laravel\\framework\\src\\Illuminate\\Pipeline\\Pipeline.php(163): Illuminate\\Routing\\Middleware\\SubstituteBindings->handle(Object(Illuminate\\Http\\Request), Object(Closure))
#16 E:\\xampp\\htdocs\\jwtAuthn\\vendor\\laravel\\framework\\src\\Illuminate\\Routing\\Pipeline.php(53): Illuminate\\Pipeline\\Pipeline->Illuminate\\Pipeline\\{closure}(Object(Illuminate\\Http\\Request))
#17 E:\\xampp\\htdocs\\jwtAuthn\\vendor\\laravel\\framework\\src\\Illuminate\\Routing\\Middleware\\ThrottleRequests.php(58): Illuminate\\Routing\\Pipeline->Illuminate\\Routing\\{closure}(Object(Illuminate\\Http\\Request))
#18 E:\\xampp\\htdocs\\jwtAuthn\\vendor\\laravel\\framework\\src\\Illuminate\\Pipeline\\Pipeline.php(163): Illuminate\\Routing\\Middleware\\ThrottleRequests->handle(Object(Illuminate\\Http\\Request), Object(Closure), 60, '1')
#19 E:\\xampp\\htdocs\\jwtAuthn\\vendor\\laravel\\framework\\src\\Illuminate\\Routing\\Pipeline.php(53): Illuminate\\Pipeline\\Pipeline->Illuminate\\Pipeline\\{closure}(Object(Illuminate\\Http\\Request))
#20 E:\\xampp\\htdocs\\jwtAuthn\\vendor\\laravel\\framework\\src\\Illuminate\\Pipeline\\Pipeline.php(104): Illuminate\\Routing\\Pipeline->Illuminate\\Routing\\{closure}(Object(Illuminate\\Http\\Request))
#21 E:\\xampp\\htdocs\\jwtAuthn\\vendor\\laravel\\framework\\src\\Illuminate\\Routing\\Router.php(684): Illuminate\\Pipeline\\Pipeline->then(Object(Closure))
#22 E:\\xampp\\htdocs\\jwtAuthn\\vendor\\laravel\\framework\\src\\Illuminate\\Routing\\Router.php(659): Illuminate\\Routing\\Router->runRouteWithinStack(Object(Illuminate\\Routing\\Route), Object(Illuminate\\Http\\Request))
#23 E:\\xampp\\htdocs\\jwtAuthn\\vendor\\laravel\\framework\\src\\Illuminate\\Routing\\Router.php(625): Illuminate\\Routing\\Router->runRoute(Object(Illuminate\\Http\\Request), Object(Illuminate\\Routing\\Route))
#24 E:\\xampp\\htdocs\\jwtAuthn\\vendor\\laravel\\framework\\src\\Illuminate\\Routing\\Router.php(614): Illuminate\\Routing\\Router->dispatchToRoute(Object(Illuminate\\Http\\Request))
#25 E:\\xampp\\htdocs\\jwtAuthn\\vendor\\laravel\\framework\\src\\Illuminate\\Foundation\\Http\\Kernel.php(176): Illuminate\\Routing\\Router->dispatch(Object(Illuminate\\Http\\Request))
#26 E:\\xampp\\htdocs\\jwtAuthn\\vendor\\laravel\\framework\\src\\Illuminate\\Routing\\Pipeline.php(30): Illuminate\\Foundation\\Http\\Kernel->Illuminate\\Foundation\\Http\\{closure}(Object(Illuminate\\Http\\Request))
#27 E:\\xampp\\htdocs\\jwtAuthn\\vendor\\barryvdh\\laravel-cors\\src\\HandleCors.php(36): Illuminate\\Routing\\Pipeline->Illuminate\\Routing\\{closure}(Object(Illuminate\\Http\\Request))
#28 E:\\xampp\\htdocs\\jwtAuthn\\vendor\\laravel\\framework\\src\\Illuminate\\Pipeline\\Pipeline.php(163): Barryvdh\\Cors\\HandleCors->handle(Object(Illuminate\\Http\\Request), Object(Closure))
#29 E:\\xampp\\htdocs\\jwtAuthn\\vendor\\laravel\\framework\\src\\Illuminate\\Routing\\Pipeline.php(53): Illuminate\\Pipeline\\Pipeline->Illuminate\\Pipeline\\{closure}(Object(Illuminate\\Http\\Request))
#30 E:\\xampp\\htdocs\\jwtAuthn\\vendor\\fideloper\\proxy\\src\\TrustProxies.php(57): Illuminate\\Routing\\Pipeline->Illuminate\\Routing\\{closure}(Object(Illuminate\\Http\\Request))
#31 E:\\xampp\\htdocs\\jwtAuthn\\vendor\\laravel\\framework\\src\\Illuminate\\Pipeline\\Pipeline.php(163): Fideloper\\Proxy\\TrustProxies->handle(Object(Illuminate\\Http\\Request), Object(Closure))
#32 E:\\xampp\\htdocs\\jwtAuthn\\vendor\\laravel\\framework\\src\\Illuminate\\Routing\\Pipeline.php(53): Illuminate\\Pipeline\\Pipeline->Illuminate\\Pipeline\\{closure}(Object(Illuminate\\Http\\Request))
#33 E:\\xampp\\htdocs\\jwtAuthn\\vendor\\laravel\\framework\\src\\Illuminate\\Foundation\\Http\\Middleware\\TransformsRequest.php(31): Illuminate\\Routing\\Pipeline->Illuminate\\Routing\\{closure}(Object(Illuminate\\Http\\Request))
#34 E:\\xampp\\htdocs\\jwtAuthn\\vendor\\laravel\\framework\\src\\Illuminate\\Pipeline\\Pipeline.php(163): Illuminate\\Foundation\\Http\\Middleware\\TransformsRequest->handle(Object(Illuminate\\Http\\Request), Object(Closure))
#35 E:\\xampp\\htdocs\\jwtAuthn\\vendor\\laravel\\framework\\src\\Illuminate\\Routing\\Pipeline.php(53): Illuminate\\Pipeline\\Pipeline->Illuminate\\Pipeline\\{closure}(Object(Illuminate\\Http\\Request))
#36 E:\\xampp\\htdocs\\jwtAuthn\\vendor\\laravel\\framework\\src\\Illuminate\\Foundation\\Http\\Middleware\\TransformsRequest.php(31): Illuminate\\Routing\\Pipeline->Illuminate\\Routing\\{closure}(Object(Illuminate\\Http\\Request))
#37 E:\\xampp\\htdocs\\jwtAuthn\\vendor\\laravel\\framework\\src\\Illuminate\\Pipeline\\Pipeline.php(163): Illuminate\\Foundation\\Http\\Middleware\\TransformsRequest->handle(Object(Illuminate\\Http\\Request), Object(Closure))
#38 E:\\xampp\\htdocs\\jwtAuthn\\vendor\\laravel\\framework\\src\\Illuminate\\Routing\\Pipeline.php(53): Illuminate\\Pipeline\\Pipeline->Illuminate\\Pipeline\\{closure}(Object(Illuminate\\Http\\Request))
#39 E:\\xampp\\htdocs\\jwtAuthn\\vendor\\laravel\\framework\\src\\Illuminate\\Foundation\\Http\\Middleware\\ValidatePostSize.php(27): Illuminate\\Routing\\Pipeline->Illuminate\\Routing\\{closure}(Object(Illuminate\\Http\\Request))
#40 E:\\xampp\\htdocs\\jwtAuthn\\vendor\\laravel\\framework\\src\\Illuminate\\Pipeline\\Pipeline.php(163): Illuminate\\Foundation\\Http\\Middleware\\ValidatePostSize->handle(Object(Illuminate\\Http\\Request), Object(Closure))
#41 E:\\xampp\\htdocs\\jwtAuthn\\vendor\\laravel\\framework\\src\\Illuminate\\Routing\\Pipeline.php(53): Illuminate\\Pipeline\\Pipeline->Illuminate\\Pipeline\\{closure}(Object(Illuminate\\Http\\Request))
#42 E:\\xampp\\htdocs\\jwtAuthn\\vendor\\laravel\\framework\\src\\Illuminate\\Foundation\\Http\\Middleware\\CheckForMaintenanceMode.php(62): Illuminate\\Routing\\Pipeline->Illuminate\\Routing\\{closure}(Object(Illuminate\\Http\\Request))
#43 E:\\xampp\\htdocs\\jwtAuthn\\vendor\\laravel\\framework\\src\\Illuminate\\Pipeline\\Pipeline.php(163): Illuminate\\Foundation\\Http\\Middleware\\CheckForMaintenanceMode->handle(Object(Illuminate\\Http\\Request), Object(Closure))
#44 E:\\xampp\\htdocs\\jwtAuthn\\vendor\\laravel\\framework\\src\\Illuminate\\Routing\\Pipeline.php(53): Illuminate\\Pipeline\\Pipeline->Illuminate\\Pipeline\\{closure}(Object(Illuminate\\Http\\Request))
#45 E:\\xampp\\htdocs\\jwtAuthn\\vendor\\laravel\\framework\\src\\Illuminate\\Pipeline\\Pipeline.php(104): Illuminate\\Routing\\Pipeline->Illuminate\\Routing\\{closure}(Object(Illuminate\\Http\\Request))
#46 E:\\xampp\\htdocs\\jwtAuthn\\vendor\\laravel\\framework\\src\\Illuminate\\Foundation\\Http\\Kernel.php(151): Illuminate\\Pipeline\\Pipeline->then(Object(Closure))
#47 E:\\xampp\\htdocs\\jwtAuthn\\vendor\\laravel\\framework\\src\\Illuminate\\Foundation\\Http\\Kernel.php(116): Illuminate\\Foundation\\Http\\Kernel->sendRequestThroughRouter(Object(Illuminate\\Http\\Request))
#48 E:\\xampp\\htdocs\\jwtAuthn\\public\\index.php(55): Illuminate\\Foundation\\Http\\Kernel->handle(Object(Illuminate\\Http\\Request))
#49 E:\\xampp\\htdocs\\jwtAuthn\\server.php(21): require_once('E:\\\\xampp\\\\htdocs...')
#50 {main}
"} 
[2020-01-08 05:36:53] local.INFO: select `customerdetail`.`customerid`, `residential_status` from `customerdetail` inner join `customer` as `c` on `c`.`customerid` = `customerdetail`.`customerid` where `userid` = ?  
[2020-01-08 05:36:53] local.INFO: array (
  0 => '3',
)  
[2020-01-08 05:36:53] local.INFO: 33.95  
[2020-01-08 05:36:53] local.INFO: select `subcategory`, `assettype` from `fundclass` where `subcategory` <> ? group by `subcategory` order by `assettype` asc  
[2020-01-08 05:36:53] local.INFO: array (
  0 => '',
)  
[2020-01-08 05:36:53] local.INFO: 4.8  
[2020-01-08 05:36:53] local.INFO: select distinct `fundclass`.`fundclassid`, `fundclass`.`name`, `fundclass`.`assettype`, `fundclass`.`category`, `fundclass`.`subcategory` from `fundclass` inner join `fund` on `fund`.`fundclassid` = `fundclass`.`fundclassid` where `subcategory` = ? and `fundclass`.`inactive` = ?  
[2020-01-08 05:36:53] local.INFO: array (
  0 => 'Interval Funds - Yearly',
  1 => 0,
)  
[2020-01-08 05:36:53] local.INFO: 181.66  
[2020-01-08 05:36:53] local.INFO: select * from `fund` inner join `mf_return` on `mf_return`.`schemecode` = `fund`.`fundid` inner join `scheme_details` as `sd` on `sd`.`schemecode` = `fund`.`fundid` inner join `mf_sip` as `s` on `s`.`schemecode` = `fund`.`fundid` where `frequency` = ? and `sd`.`opt_code` = ? and `sd`.`type_code` = ? and `sd`.`plan` = ? and `sd`.`status` = ? and `fundclassid` = ? limit 5  
[2020-01-08 05:36:53] local.INFO: array (
  0 => 'Monthly',
  1 => '1',
  2 => '1',
  3 => '6',
  4 => 'Active',
  5 => 52,
)  
[2020-01-08 05:36:53] local.INFO: 211.5  
[2020-01-08 05:36:53] local.INFO: select distinct `fundclass`.`fundclassid`, `fundclass`.`name`, `fundclass`.`assettype`, `fundclass`.`category`, `fundclass`.`subcategory` from `fundclass` inner join `fund` on `fund`.`fundclassid` = `fundclass`.`fundclassid` where `subcategory` = ? and `fundclass`.`inactive` = ?  
[2020-01-08 05:36:53] local.INFO: array (
  0 => 'Debt - Infrastructure',
  1 => 0,
)  
[2020-01-08 05:36:53] local.INFO: 192.08  
[2020-01-08 05:36:53] local.INFO: select * from `fund` inner join `mf_return` on `mf_return`.`schemecode` = `fund`.`fundid` inner join `scheme_details` as `sd` on `sd`.`schemecode` = `fund`.`fundid` inner join `mf_sip` as `s` on `s`.`schemecode` = `fund`.`fundid` where `frequency` = ? and `sd`.`opt_code` = ? and `sd`.`type_code` = ? and `sd`.`plan` = ? and `sd`.`status` = ? and `fundclassid` = ? limit 5  
[2020-01-08 05:36:53] local.INFO: array (
  0 => 'Monthly',
  1 => '1',
  2 => '1',
  3 => '6',
  4 => 'Active',
  5 => 56,
)  
[2020-01-08 05:36:53] local.INFO: 7.48  
[2020-01-08 05:36:53] local.INFO: select distinct `fundclass`.`fundclassid`, `fundclass`.`name`, `fundclass`.`assettype`, `fundclass`.`category`, `fundclass`.`subcategory` from `fundclass` inner join `fund` on `fund`.`fundclassid` = `fundclass`.`fundclassid` where `subcategory` = ? and `fundclass`.`inactive` = ?  
[2020-01-08 05:36:53] local.INFO: array (
  0 => 'Interval Funds - Monthly',
  1 => 0,
)  
[2020-01-08 05:36:53] local.INFO: 173.36  
[2020-01-08 05:36:53] local.INFO: select * from `fund` inner join `mf_return` on `mf_return`.`schemecode` = `fund`.`fundid` inner join `scheme_details` as `sd` on `sd`.`schemecode` = `fund`.`fundid` inner join `mf_sip` as `s` on `s`.`schemecode` = `fund`.`fundid` where `frequency` = ? and `sd`.`opt_code` = ? and `sd`.`type_code` = ? and `sd`.`plan` = ? and `sd`.`status` = ? and `fundclassid` = ? limit 5  
[2020-01-08 05:36:53] local.INFO: array (
  0 => 'Monthly',
  1 => '1',
  2 => '1',
  3 => '6',
  4 => 'Active',
  5 => 20,
)  
[2020-01-08 05:36:53] local.INFO: 4.21  
[2020-01-08 05:36:54] local.INFO: select distinct `fundclass`.`fundclassid`, `fundclass`.`name`, `fundclass`.`assettype`, `fundclass`.`category`, `fundclass`.`subcategory` from `fundclass` inner join `fund` on `fund`.`fundclassid` = `fundclass`.`fundclassid` where `subcategory` = ? and `fundclass`.`inactive` = ?  
[2020-01-08 05:36:54] local.INFO: array (
  0 => 'Gilt Fund with 10 year constant duration',
  1 => 0,
)  
[2020-01-08 05:36:54] local.INFO: 229.67  
[2020-01-08 05:36:54] local.INFO: select * from `fund` inner join `mf_return` on `mf_return`.`schemecode` = `fund`.`fundid` inner join `scheme_details` as `sd` on `sd`.`schemecode` = `fund`.`fundid` inner join `mf_sip` as `s` on `s`.`schemecode` = `fund`.`fundid` where `frequency` = ? and `sd`.`opt_code` = ? and `sd`.`type_code` = ? and `sd`.`plan` = ? and `sd`.`status` = ? and `fundclassid` = ? limit 5  
[2020-01-08 05:36:54] local.INFO: array (
  0 => 'Monthly',
  1 => '1',
  2 => '1',
  3 => '6',
  4 => 'Active',
  5 => 23,
)  
[2020-01-08 05:36:54] local.INFO: 6.85  
[2020-01-08 05:36:54] local.INFO: select distinct `fundclass`.`fundclassid`, `fundclass`.`name`, `fundclass`.`assettype`, `fundclass`.`category`, `fundclass`.`subcategory` from `fundclass` inner join `fund` on `fund`.`fundclassid` = `fundclass`.`fundclassid` where `subcategory` = ? and `fundclass`.`inactive` = ?  
[2020-01-08 05:36:54] local.INFO: array (
  0 => 'Short & Mid Term',
  1 => 0,
)  
[2020-01-08 05:36:54] local.INFO: 262.8  
[2020-01-08 05:36:54] local.INFO: select * from `fund` inner join `mf_return` on `mf_return`.`schemecode` = `fund`.`fundid` inner join `scheme_details` as `sd` on `sd`.`schemecode` = `fund`.`fundid` inner join `mf_sip` as `s` on `s`.`schemecode` = `fund`.`fundid` where `frequency` = ? and `sd`.`opt_code` = ? and `sd`.`type_code` = ? and `sd`.`plan` = ? and `sd`.`status` = ? and `fundclassid` = ? limit 5  
[2020-01-08 05:36:54] local.INFO: array (
  0 => 'Monthly',
  1 => '1',
  2 => '1',
  3 => '6',
  4 => 'Active',
  5 => 46,
)  
[2020-01-08 05:36:54] local.INFO: 5.14  
[2020-01-08 05:36:54] local.INFO: select distinct `fundclass`.`fundclassid`, `fundclass`.`name`, `fundclass`.`assettype`, `fundclass`.`category`, `fundclass`.`subcategory` from `fundclass` inner join `fund` on `fund`.`fundclassid` = `fundclass`.`fundclassid` where `subcategory` = ? and `fundclass`.`inactive` = ?  
[2020-01-08 05:36:54] local.INFO: array (
  0 => 'Interval Funds - Quarterly',
  1 => 0,
)  
[2020-01-08 05:36:54] local.INFO: 165.39  
[2020-01-08 05:36:54] local.INFO: select * from `fund` inner join `mf_return` on `mf_return`.`schemecode` = `fund`.`fundid` inner join `scheme_details` as `sd` on `sd`.`schemecode` = `fund`.`fundid` inner join `mf_sip` as `s` on `s`.`schemecode` = `fund`.`fundid` where `frequency` = ? and `sd`.`opt_code` = ? and `sd`.`type_code` = ? and `sd`.`plan` = ? and `sd`.`status` = ? and `fundclassid` = ? limit 5  
[2020-01-08 05:36:54] local.INFO: array (
  0 => 'Monthly',
  1 => '1',
  2 => '1',
  3 => '6',
  4 => 'Active',
  5 => 50,
)  
[2020-01-08 05:36:54] local.INFO: 4.17  
[2020-01-08 05:36:54] local.INFO: select distinct `fundclass`.`fundclassid`, `fundclass`.`name`, `fundclass`.`assettype`, `fundclass`.`category`, `fundclass`.`subcategory` from `fundclass` inner join `fund` on `fund`.`fundclassid` = `fundclass`.`fundclassid` where `subcategory` = ? and `fundclass`.`inactive` = ?  
[2020-01-08 05:36:54] local.INFO: array (
  0 => 'Interval Funds - Half Yearly',
  1 => 0,
)  
[2020-01-08 05:36:54] local.INFO: 143.64  
[2020-01-08 05:36:54] local.INFO: select * from `fund` inner join `mf_return` on `mf_return`.`schemecode` = `fund`.`fundid` inner join `scheme_details` as `sd` on `sd`.`schemecode` = `fund`.`fundid` inner join `mf_sip` as `s` on `s`.`schemecode` = `fund`.`fundid` where `frequency` = ? and `sd`.`opt_code` = ? and `sd`.`type_code` = ? and `sd`.`plan` = ? and `sd`.`status` = ? and `fundclassid` = ? limit 5  
[2020-01-08 05:36:54] local.INFO: array (
  0 => 'Monthly',
  1 => '1',
  2 => '1',
  3 => '6',
  4 => 'Active',
  5 => 51,
)  
[2020-01-08 05:36:54] local.INFO: 5.32  
[2020-01-08 05:36:54] local.INFO: select distinct `fundclass`.`fundclassid`, `fundclass`.`name`, `fundclass`.`assettype`, `fundclass`.`category`, `fundclass`.`subcategory` from `fundclass` inner join `fund` on `fund`.`fundclassid` = `fundclass`.`fundclassid` where `subcategory` = ? and `fundclass`.`inactive` = ?  
[2020-01-08 05:36:54] local.INFO: array (
  0 => 'Large & Mid Cap',
  1 => 0,
)  
[2020-01-08 05:36:54] local.INFO: 131.09  
[2020-01-08 05:36:54] local.INFO: select * from `fund` inner join `mf_return` on `mf_return`.`schemecode` = `fund`.`fundid` inner join `scheme_details` as `sd` on `sd`.`schemecode` = `fund`.`fundid` inner join `mf_sip` as `s` on `s`.`schemecode` = `fund`.`fundid` where `frequency` = ? and `sd`.`opt_code` = ? and `sd`.`type_code` = ? and `sd`.`plan` = ? and `sd`.`status` = ? and `fundclassid` = ? limit 5  
[2020-01-08 05:36:54] local.INFO: array (
  0 => 'Monthly',
  1 => '1',
  2 => '1',
  3 => '6',
  4 => 'Active',
  5 => 61,
)  
[2020-01-08 05:36:54] local.INFO: 4.85  
[2020-01-08 05:36:54] local.INFO: select distinct `fundclass`.`fundclassid`, `fundclass`.`name`, `fundclass`.`assettype`, `fundclass`.`category`, `fundclass`.`subcategory` from `fundclass` inner join `fund` on `fund`.`fundclassid` = `fundclass`.`fundclassid` where `subcategory` = ? and `fundclass`.`inactive` = ?  
[2020-01-08 05:36:54] local.INFO: array (
  0 => 'Index - Nifty Next 50',
  1 => 0,
)  
[2020-01-08 05:36:54] local.INFO: 148.03  
[2020-01-08 05:36:54] local.INFO: select * from `fund` inner join `mf_return` on `mf_return`.`schemecode` = `fund`.`fundid` inner join `scheme_details` as `sd` on `sd`.`schemecode` = `fund`.`fundid` inner join `mf_sip` as `s` on `s`.`schemecode` = `fund`.`fundid` where `frequency` = ? and `sd`.`opt_code` = ? and `sd`.`type_code` = ? and `sd`.`plan` = ? and `sd`.`status` = ? and `fundclassid` = ? limit 5  
[2020-01-08 05:36:54] local.INFO: array (
  0 => 'Monthly',
  1 => '1',
  2 => '1',
  3 => '6',
  4 => 'Active',
  5 => 78,
)  
[2020-01-08 05:36:54] local.INFO: 4.76  
[2020-01-08 05:36:55] local.INFO: select distinct `fundclass`.`fundclassid`, `fundclass`.`name`, `fundclass`.`assettype`, `fundclass`.`category`, `fundclass`.`subcategory` from `fundclass` inner join `fund` on `fund`.`fundclassid` = `fundclass`.`fundclassid` where `subcategory` = ? and `fundclass`.`inactive` = ?  
[2020-01-08 05:36:55] local.INFO: array (
  0 => 'Index Funds - Other',
  1 => 0,
)  
[2020-01-08 05:36:55] local.INFO: 142.34  
[2020-01-08 05:36:55] local.INFO: select * from `fund` inner join `mf_return` on `mf_return`.`schemecode` = `fund`.`fundid` inner join `scheme_details` as `sd` on `sd`.`schemecode` = `fund`.`fundid` inner join `mf_sip` as `s` on `s`.`schemecode` = `fund`.`fundid` where `frequency` = ? and `sd`.`opt_code` = ? and `sd`.`type_code` = ? and `sd`.`plan` = ? and `sd`.`status` = ? and `fundclassid` = ? limit 5  
[2020-01-08 05:36:55] local.INFO: array (
  0 => 'Monthly',
  1 => '1',
  2 => '1',
  3 => '6',
  4 => 'Active',
  5 => 79,
)  
[2020-01-08 05:36:55] local.INFO: 5.03  
[2020-01-08 05:36:55] local.INFO: select distinct `fundclass`.`fundclassid`, `fundclass`.`name`, `fundclass`.`assettype`, `fundclass`.`category`, `fundclass`.`subcategory` from `fundclass` inner join `fund` on `fund`.`fundclassid` = `fundclass`.`fundclassid` where `subcategory` = ? and `fundclass`.`inactive` = ?  
[2020-01-08 05:36:55] local.INFO: array (
  0 => 'Auto',
  1 => 0,
)  
[2020-01-08 05:36:55] local.INFO: 141.47  
[2020-01-08 05:36:55] local.INFO: select * from `fund` inner join `mf_return` on `mf_return`.`schemecode` = `fund`.`fundid` inner join `scheme_details` as `sd` on `sd`.`schemecode` = `fund`.`fundid` inner join `mf_sip` as `s` on `s`.`schemecode` = `fund`.`fundid` where `frequency` = ? and `sd`.`opt_code` = ? and `sd`.`type_code` = ? and `sd`.`plan` = ? and `sd`.`status` = ? and `fundclassid` = ? limit 5  
[2020-01-08 05:36:55] local.INFO: array (
  0 => 'Monthly',
  1 => '1',
  2 => '1',
  3 => '6',
  4 => 'Active',
  5 => 2,
)  
[2020-01-08 05:36:55] local.INFO: 4.84  
[2020-01-08 05:36:55] local.INFO: select distinct `fundclass`.`fundclassid`, `fundclass`.`name`, `fundclass`.`assettype`, `fundclass`.`category`, `fundclass`.`subcategory` from `fundclass` inner join `fund` on `fund`.`fundclassid` = `fundclass`.`fundclassid` where `subcategory` = ? and `fundclass`.`inactive` = ?  
[2020-01-08 05:36:55] local.INFO: array (
  0 => 'Banks & Financial Services',
  1 => 0,
)  
[2020-01-08 05:36:55] local.INFO: 156.5  
[2020-01-08 05:36:55] local.INFO: select * from `fund` inner join `mf_return` on `mf_return`.`schemecode` = `fund`.`fundid` inner join `scheme_details` as `sd` on `sd`.`schemecode` = `fund`.`fundid` inner join `mf_sip` as `s` on `s`.`schemecode` = `fund`.`fundid` where `frequency` = ? and `sd`.`opt_code` = ? and `sd`.`type_code` = ? and `sd`.`plan` = ? and `sd`.`status` = ? and `fundclassid` = ? limit 5  
[2020-01-08 05:36:55] local.INFO: array (
  0 => 'Monthly',
  1 => '1',
  2 => '1',
  3 => '6',
  4 => 'Active',
  5 => 3,
)  
[2020-01-08 05:36:55] local.INFO: 4.44  
[2020-01-08 05:36:55] local.INFO: select distinct `fundclass`.`fundclassid`, `fundclass`.`name`, `fundclass`.`assettype`, `fundclass`.`category`, `fundclass`.`subcategory` from `fundclass` inner join `fund` on `fund`.`fundclassid` = `fundclass`.`fundclassid` where `subcategory` = ? and `fundclass`.`inactive` = ?  
[2020-01-08 05:36:55] local.INFO: array (
  0 => 'Media & Entertainment',
  1 => 0,
)  
[2020-01-08 05:36:55] local.INFO: 137.06  
[2020-01-08 05:36:55] local.INFO: select * from `fund` inner join `mf_return` on `mf_return`.`schemecode` = `fund`.`fundid` inner join `scheme_details` as `sd` on `sd`.`schemecode` = `fund`.`fundid` inner join `mf_sip` as `s` on `s`.`schemecode` = `fund`.`fundid` where `frequency` = ? and `sd`.`opt_code` = ? and `sd`.`type_code` = ? and `sd`.`plan` = ? and `sd`.`status` = ? and `fundclassid` = ? limit 5  
[2020-01-08 05:36:55] local.INFO: array (
  0 => 'Monthly',
  1 => '1',
  2 => '1',
  3 => '6',
  4 => 'Active',
  5 => 4,
)  
[2020-01-08 05:36:55] local.INFO: 4.72  
[2020-01-08 05:36:55] local.INFO: select distinct `fundclass`.`fundclassid`, `fundclass`.`name`, `fundclass`.`assettype`, `fundclass`.`category`, `fundclass`.`subcategory` from `fundclass` inner join `fund` on `fund`.`fundclassid` = `fundclass`.`fundclassid` where `subcategory` = ? and `fundclass`.`inactive` = ?  
[2020-01-08 05:36:55] local.INFO: array (
  0 => 'Energy & Power',
  1 => 0,
)  
[2020-01-08 05:36:55] local.INFO: 133.92  
[2020-01-08 05:36:55] local.INFO: select * from `fund` inner join `mf_return` on `mf_return`.`schemecode` = `fund`.`fundid` inner join `scheme_details` as `sd` on `sd`.`schemecode` = `fund`.`fundid` inner join `mf_sip` as `s` on `s`.`schemecode` = `fund`.`fundid` where `frequency` = ? and `sd`.`opt_code` = ? and `sd`.`type_code` = ? and `sd`.`plan` = ? and `sd`.`status` = ? and `fundclassid` = ? limit 5  
[2020-01-08 05:36:55] local.INFO: array (
  0 => 'Monthly',
  1 => '1',
  2 => '1',
  3 => '6',
  4 => 'Active',
  5 => 5,
)  
[2020-01-08 05:36:55] local.INFO: 4.69  
[2020-01-08 05:36:55] local.INFO: select distinct `fundclass`.`fundclassid`, `fundclass`.`name`, `fundclass`.`assettype`, `fundclass`.`category`, `fundclass`.`subcategory` from `fundclass` inner join `fund` on `fund`.`fundclassid` = `fundclass`.`fundclassid` where `subcategory` = ? and `fundclass`.`inactive` = ?  
[2020-01-08 05:36:55] local.INFO: array (
  0 => 'TECk',
  1 => 0,
)  
[2020-01-08 05:36:55] local.INFO: 128.34  
[2020-01-08 05:36:55] local.INFO: select * from `fund` inner join `mf_return` on `mf_return`.`schemecode` = `fund`.`fundid` inner join `scheme_details` as `sd` on `sd`.`schemecode` = `fund`.`fundid` inner join `mf_sip` as `s` on `s`.`schemecode` = `fund`.`fundid` where `frequency` = ? and `sd`.`opt_code` = ? and `sd`.`type_code` = ? and `sd`.`plan` = ? and `sd`.`status` = ? and `fundclassid` = ? limit 5  
[2020-01-08 05:36:55] local.INFO: array (
  0 => 'Monthly',
  1 => '1',
  2 => '1',
  3 => '6',
  4 => 'Active',
  5 => 6,
)  
[2020-01-08 05:36:55] local.INFO: 4.79  
[2020-01-08 05:36:56] local.INFO: select distinct `fundclass`.`fundclassid`, `fundclass`.`name`, `fundclass`.`assettype`, `fundclass`.`category`, `fundclass`.`subcategory` from `fundclass` inner join `fund` on `fund`.`fundclassid` = `fundclass`.`fundclassid` where `subcategory` = ? and `fundclass`.`inactive` = ?  
[2020-01-08 05:36:56] local.INFO: array (
  0 => 'Index - Nifty',
  1 => 0,
)  
[2020-01-08 05:36:56] local.INFO: 151.04  
[2020-01-08 05:36:56] local.INFO: select * from `fund` inner join `mf_return` on `mf_return`.`schemecode` = `fund`.`fundid` inner join `scheme_details` as `sd` on `sd`.`schemecode` = `fund`.`fundid` inner join `mf_sip` as `s` on `s`.`schemecode` = `fund`.`fundid` where `frequency` = ? and `sd`.`opt_code` = ? and `sd`.`type_code` = ? and `sd`.`plan` = ? and `sd`.`status` = ? and `fundclassid` = ? limit 5  
[2020-01-08 05:36:56] local.INFO: array (
  0 => 'Monthly',
  1 => '1',
  2 => '1',
  3 => '6',
  4 => 'Active',
  5 => 7,
)  
[2020-01-08 05:36:56] local.INFO: 4.88  
[2020-01-08 05:36:56] local.INFO: select distinct `fundclass`.`fundclassid`, `fundclass`.`name`, `fundclass`.`assettype`, `fundclass`.`category`, `fundclass`.`subcategory` from `fundclass` inner join `fund` on `fund`.`fundclassid` = `fundclass`.`fundclassid` where `subcategory` = ? and `fundclass`.`inactive` = ?  
[2020-01-08 05:36:56] local.INFO: array (
  0 => 'Consumption',
  1 => 0,
)  
[2020-01-08 05:36:56] local.INFO: 147.44  
[2020-01-08 05:36:56] local.INFO: select * from `fund` inner join `mf_return` on `mf_return`.`schemecode` = `fund`.`fundid` inner join `scheme_details` as `sd` on `sd`.`schemecode` = `fund`.`fundid` inner join `mf_sip` as `s` on `s`.`schemecode` = `fund`.`fundid` where `frequency` = ? and `sd`.`opt_code` = ? and `sd`.`type_code` = ? and `sd`.`plan` = ? and `sd`.`status` = ? and `fundclassid` = ? limit 5  
[2020-01-08 05:36:56] local.INFO: array (
  0 => 'Monthly',
  1 => '1',
  2 => '1',
  3 => '6',
  4 => 'Active',
  5 => 9,
)  
[2020-01-08 05:36:56] local.INFO: 4.74  
[2020-01-08 05:36:56] local.INFO: select distinct `fundclass`.`fundclassid`, `fundclass`.`name`, `fundclass`.`assettype`, `fundclass`.`category`, `fundclass`.`subcategory` from `fundclass` inner join `fund` on `fund`.`fundclassid` = `fundclass`.`fundclassid` where `subcategory` = ? and `fundclass`.`inactive` = ?  
[2020-01-08 05:36:56] local.INFO: array (
  0 => 'Pharma & Health Care',
  1 => 0,
)  
[2020-01-08 05:36:56] local.INFO: 128.69  
[2020-01-08 05:36:56] local.INFO: select * from `fund` inner join `mf_return` on `mf_return`.`schemecode` = `fund`.`fundid` inner join `scheme_details` as `sd` on `sd`.`schemecode` = `fund`.`fundid` inner join `mf_sip` as `s` on `s`.`schemecode` = `fund`.`fundid` where `frequency` = ? and `sd`.`opt_code` = ? and `sd`.`type_code` = ? and `sd`.`plan` = ? and `sd`.`status` = ? and `fundclassid` = ? limit 5  
[2020-01-08 05:36:56] local.INFO: array (
  0 => 'Monthly',
  1 => '1',
  2 => '1',
  3 => '6',
  4 => 'Active',
  5 => 10,
)  
[2020-01-08 05:36:56] local.INFO: 3.86  
[2020-01-08 05:36:56] local.INFO: select distinct `fundclass`.`fundclassid`, `fundclass`.`name`, `fundclass`.`assettype`, `fundclass`.`category`, `fundclass`.`subcategory` from `fundclass` inner join `fund` on `fund`.`fundclassid` = `fundclass`.`fundclassid` where `subcategory` = ? and `fundclass`.`inactive` = ?  
[2020-01-08 05:36:56] local.INFO: array (
  0 => 'Large Cap Fund',
  1 => 0,
)  
[2020-01-08 05:36:56] local.INFO: 166.15  
[2020-01-08 05:36:56] local.INFO: select * from `fund` inner join `mf_return` on `mf_return`.`schemecode` = `fund`.`fundid` inner join `scheme_details` as `sd` on `sd`.`schemecode` = `fund`.`fundid` inner join `mf_sip` as `s` on `s`.`schemecode` = `fund`.`fundid` where `frequency` = ? and `sd`.`opt_code` = ? and `sd`.`type_code` = ? and `sd`.`plan` = ? and `sd`.`status` = ? and `fundclassid` = ? limit 5  
[2020-01-08 05:36:56] local.INFO: array (
  0 => 'Monthly',
  1 => '1',
  2 => '1',
  3 => '6',
  4 => 'Active',
  5 => 31,
)  
[2020-01-08 05:36:56] local.INFO: 3.65  
[2020-01-08 05:36:56] local.INFO: select distinct `fundclass`.`fundclassid`, `fundclass`.`name`, `fundclass`.`assettype`, `fundclass`.`category`, `fundclass`.`subcategory` from `fundclass` inner join `fund` on `fund`.`fundclassid` = `fundclass`.`fundclassid` where `subcategory` = ? and `fundclass`.`inactive` = ?  
[2020-01-08 05:36:56] local.INFO: array (
  0 => 'Mid Cap Fund',
  1 => 0,
)  
[2020-01-08 05:36:56] local.INFO: 119.42  
[2020-01-08 05:36:56] local.INFO: select * from `fund` inner join `mf_return` on `mf_return`.`schemecode` = `fund`.`fundid` inner join `scheme_details` as `sd` on `sd`.`schemecode` = `fund`.`fundid` inner join `mf_sip` as `s` on `s`.`schemecode` = `fund`.`fundid` where `frequency` = ? and `sd`.`opt_code` = ? and `sd`.`type_code` = ? and `sd`.`plan` = ? and `sd`.`status` = ? and `fundclassid` = ? limit 5  
[2020-01-08 05:36:56] local.INFO: array (
  0 => 'Monthly',
  1 => '1',
  2 => '1',
  3 => '6',
  4 => 'Active',
  5 => 32,
)  
[2020-01-08 05:36:56] local.INFO: 4.06  
[2020-01-08 05:36:56] local.INFO: select distinct `fundclass`.`fundclassid`, `fundclass`.`name`, `fundclass`.`assettype`, `fundclass`.`category`, `fundclass`.`subcategory` from `fundclass` inner join `fund` on `fund`.`fundclassid` = `fundclass`.`fundclassid` where `subcategory` = ? and `fundclass`.`inactive` = ?  
[2020-01-08 05:36:56] local.INFO: array (
  0 => 'Small cap Fund',
  1 => 0,
)  
[2020-01-08 05:36:56] local.INFO: 127.82  
[2020-01-08 05:36:56] local.INFO: select * from `fund` inner join `mf_return` on `mf_return`.`schemecode` = `fund`.`fundid` inner join `scheme_details` as `sd` on `sd`.`schemecode` = `fund`.`fundid` inner join `mf_sip` as `s` on `s`.`schemecode` = `fund`.`fundid` where `frequency` = ? and `sd`.`opt_code` = ? and `sd`.`type_code` = ? and `sd`.`plan` = ? and `sd`.`status` = ? and `fundclassid` = ? limit 5  
[2020-01-08 05:36:56] local.INFO: array (
  0 => 'Monthly',
  1 => '1',
  2 => '1',
  3 => '6',
  4 => 'Active',
  5 => 33,
)  
[2020-01-08 05:36:56] local.INFO: 4.84  
[2020-01-08 05:36:56] local.INFO: select distinct `fundclass`.`fundclassid`, `fundclass`.`name`, `fundclass`.`assettype`, `fundclass`.`category`, `fundclass`.`subcategory` from `fundclass` inner join `fund` on `fund`.`fundclassid` = `fundclass`.`fundclassid` where `subcategory` = ? and `fundclass`.`inactive` = ?  
[2020-01-08 05:36:56] local.INFO: array (
  0 => 'Index - Sensex',
  1 => 0,
)  
[2020-01-08 05:36:56] local.INFO: 122.07  
[2020-01-08 05:36:56] local.INFO: select * from `fund` inner join `mf_return` on `mf_return`.`schemecode` = `fund`.`fundid` inner join `scheme_details` as `sd` on `sd`.`schemecode` = `fund`.`fundid` inner join `mf_sip` as `s` on `s`.`schemecode` = `fund`.`fundid` where `frequency` = ? and `sd`.`opt_code` = ? and `sd`.`type_code` = ? and `sd`.`plan` = ? and `sd`.`status` = ? and `fundclassid` = ? limit 5  
[2020-01-08 05:36:56] local.INFO: array (
  0 => 'Monthly',
  1 => '1',
  2 => '1',
  3 => '6',
  4 => 'Active',
  5 => 34,
)  
[2020-01-08 05:36:56] local.INFO: 3.15  
[2020-01-08 05:36:57] local.INFO: select distinct `fundclass`.`fundclassid`, `fundclass`.`name`, `fundclass`.`assettype`, `fundclass`.`category`, `fundclass`.`subcategory` from `fundclass` inner join `fund` on `fund`.`fundclassid` = `fundclass`.`fundclassid` where `subcategory` = ? and `fundclass`.`inactive` = ?  
[2020-01-08 05:36:57] local.INFO: array (
  0 => 'MNC',
  1 => 0,
)  
[2020-01-08 05:36:57] local.INFO: 164.69  
[2020-01-08 05:36:57] local.INFO: select * from `fund` inner join `mf_return` on `mf_return`.`schemecode` = `fund`.`fundid` inner join `scheme_details` as `sd` on `sd`.`schemecode` = `fund`.`fundid` inner join `mf_sip` as `s` on `s`.`schemecode` = `fund`.`fundid` where `frequency` = ? and `sd`.`opt_code` = ? and `sd`.`type_code` = ? and `sd`.`plan` = ? and `sd`.`status` = ? and `fundclassid` = ? limit 5  
[2020-01-08 05:36:57] local.INFO: array (
  0 => 'Monthly',
  1 => '1',
  2 => '1',
  3 => '6',
  4 => 'Active',
  5 => 37,
)  
[2020-01-08 05:36:57] local.INFO: 7.01  
[2020-01-08 05:36:57] local.INFO: select distinct `fundclass`.`fundclassid`, `fundclass`.`name`, `fundclass`.`assettype`, `fundclass`.`category`, `fundclass`.`subcategory` from `fundclass` inner join `fund` on `fund`.`fundclassid` = `fundclass`.`fundclassid` where `subcategory` = ? and `fundclass`.`inactive` = ?  
[2020-01-08 05:36:57] local.INFO: array (
  0 => 'Global',
  1 => 0,
)  
[2020-01-08 05:36:57] local.INFO: 135.78  
[2020-01-08 05:36:57] local.INFO: select * from `fund` inner join `mf_return` on `mf_return`.`schemecode` = `fund`.`fundid` inner join `scheme_details` as `sd` on `sd`.`schemecode` = `fund`.`fundid` inner join `mf_sip` as `s` on `s`.`schemecode` = `fund`.`fundid` where `frequency` = ? and `sd`.`opt_code` = ? and `sd`.`type_code` = ? and `sd`.`plan` = ? and `sd`.`status` = ? and `fundclassid` = ? limit 5  
[2020-01-08 05:36:57] local.INFO: array (
  0 => 'Monthly',
  1 => '1',
  2 => '1',
  3 => '6',
  4 => 'Active',
  5 => 38,
)  
[2020-01-08 05:36:57] local.INFO: 3.2  
[2020-01-08 05:36:57] local.INFO: select distinct `fundclass`.`fundclassid`, `fundclass`.`name`, `fundclass`.`assettype`, `fundclass`.`category`, `fundclass`.`subcategory` from `fundclass` inner join `fund` on `fund`.`fundclassid` = `fundclass`.`fundclassid` where `subcategory` = ? and `fundclass`.`inactive` = ?  
[2020-01-08 05:36:57] local.INFO: array (
  0 => 'Service Industry',
  1 => 0,
)  
[2020-01-08 05:36:57] local.INFO: 113.98  
[2020-01-08 05:36:57] local.INFO: select * from `fund` inner join `mf_return` on `mf_return`.`schemecode` = `fund`.`fundid` inner join `scheme_details` as `sd` on `sd`.`schemecode` = `fund`.`fundid` inner join `mf_sip` as `s` on `s`.`schemecode` = `fund`.`fundid` where `frequency` = ? and `sd`.`opt_code` = ? and `sd`.`type_code` = ? and `sd`.`plan` = ? and `sd`.`status` = ? and `fundclassid` = ? limit 5  
[2020-01-08 05:36:57] local.INFO: array (
  0 => 'Monthly',
  1 => '1',
  2 => '1',
  3 => '6',
  4 => 'Active',
  5 => 39,
)  
[2020-01-08 05:36:57] local.INFO: 4.12  
[2020-01-08 05:36:57] local.INFO: select distinct `fundclass`.`fundclassid`, `fundclass`.`name`, `fundclass`.`assettype`, `fundclass`.`category`, `fundclass`.`subcategory` from `fundclass` inner join `fund` on `fund`.`fundclassid` = `fundclass`.`fundclassid` where `subcategory` = ? and `fundclass`.`inactive` = ?  
[2020-01-08 05:36:57] local.INFO: array (
  0 => 'Infrastructure ',
  1 => 0,
)  
[2020-01-08 05:36:57] local.INFO: 120.51  
[2020-01-08 05:36:57] local.INFO: select * from `fund` inner join `mf_return` on `mf_return`.`schemecode` = `fund`.`fundid` inner join `scheme_details` as `sd` on `sd`.`schemecode` = `fund`.`fundid` inner join `mf_sip` as `s` on `s`.`schemecode` = `fund`.`fundid` where `frequency` = ? and `sd`.`opt_code` = ? and `sd`.`type_code` = ? and `sd`.`plan` = ? and `sd`.`status` = ? and `fundclassid` = ? limit 5  
[2020-01-08 05:36:57] local.INFO: array (
  0 => 'Monthly',
  1 => '1',
  2 => '1',
  3 => '6',
  4 => 'Active',
  5 => 42,
)  
[2020-01-08 05:36:57] local.INFO: 3.38  
[2020-01-08 05:36:57] local.INFO: select distinct `fundclass`.`fundclassid`, `fundclass`.`name`, `fundclass`.`assettype`, `fundclass`.`category`, `fundclass`.`subcategory` from `fundclass` inner join `fund` on `fund`.`fundclassid` = `fundclass`.`fundclassid` where `subcategory` = ? and `fundclass`.`inactive` = ?  
[2020-01-08 05:36:57] local.INFO: array (
  0 => 'Index',
  1 => 0,
)  
[2020-01-08 05:36:57] local.INFO: 172.41  
[2020-01-08 05:36:57] local.INFO: select * from `fund` inner join `mf_return` on `mf_return`.`schemecode` = `fund`.`fundid` inner join `scheme_details` as `sd` on `sd`.`schemecode` = `fund`.`fundid` inner join `mf_sip` as `s` on `s`.`schemecode` = `fund`.`fundid` where `frequency` = ? and `sd`.`opt_code` = ? and `sd`.`type_code` = ? and `sd`.`plan` = ? and `sd`.`status` = ? and `fundclassid` = ? limit 5  
[2020-01-08 05:36:57] local.INFO: array (
  0 => 'Monthly',
  1 => '1',
  2 => '1',
  3 => '6',
  4 => 'Active',
  5 => 43,
)  
[2020-01-08 05:36:57] local.INFO: 5.01  
[2020-01-08 05:36:57] local.INFO: select distinct `fundclass`.`fundclassid`, `fundclass`.`name`, `fundclass`.`assettype`, `fundclass`.`category`, `fundclass`.`subcategory` from `fundclass` inner join `fund` on `fund`.`fundclassid` = `fundclass`.`fundclassid` where `subcategory` = ? and `fundclass`.`inactive` = ?  
[2020-01-08 05:36:57] local.INFO: array (
  0 => 'Multi Cap Fund',
  1 => 0,
)  
[2020-01-08 05:36:57] local.INFO: 113.72  
[2020-01-08 05:36:57] local.INFO: select * from `fund` inner join `mf_return` on `mf_return`.`schemecode` = `fund`.`fundid` inner join `scheme_details` as `sd` on `sd`.`schemecode` = `fund`.`fundid` inner join `mf_sip` as `s` on `s`.`schemecode` = `fund`.`fundid` where `frequency` = ? and `sd`.`opt_code` = ? and `sd`.`type_code` = ? and `sd`.`plan` = ? and `sd`.`status` = ? and `fundclassid` = ? limit 5  
[2020-01-08 05:36:57] local.INFO: array (
  0 => 'Monthly',
  1 => '1',
  2 => '1',
  3 => '6',
  4 => 'Active',
  5 => 49,
)  
[2020-01-08 05:36:57] local.INFO: 6.16  
[2020-01-08 05:36:57] local.INFO: select distinct `fundclass`.`fundclassid`, `fundclass`.`name`, `fundclass`.`assettype`, `fundclass`.`category`, `fundclass`.`subcategory` from `fundclass` inner join `fund` on `fund`.`fundclassid` = `fundclass`.`fundclassid` where `subcategory` = ? and `fundclass`.`inactive` = ?  
[2020-01-08 05:36:57] local.INFO: array (
  0 => 'Gold',
  1 => 0,
)  
[2020-01-08 05:36:57] local.INFO: 126.95  
[2020-01-08 05:36:57] local.INFO: select * from `fund` inner join `mf_return` on `mf_return`.`schemecode` = `fund`.`fundid` inner join `scheme_details` as `sd` on `sd`.`schemecode` = `fund`.`fundid` inner join `mf_sip` as `s` on `s`.`schemecode` = `fund`.`fundid` where `frequency` = ? and `sd`.`opt_code` = ? and `sd`.`type_code` = ? and `sd`.`plan` = ? and `sd`.`status` = ? and `fundclassid` = ? limit 5  
[2020-01-08 05:36:57] local.INFO: array (
  0 => 'Monthly',
  1 => '1',
  2 => '1',
  3 => '6',
  4 => 'Active',
  5 => 53,
)  
[2020-01-08 05:36:57] local.INFO: 3.89  
[2020-01-08 05:36:57] local.INFO: select * from `fund` inner join `mf_return` on `mf_return`.`schemecode` = `fund`.`fundid` inner join `scheme_details` as `sd` on `sd`.`schemecode` = `fund`.`fundid` inner join `mf_sip` as `s` on `s`.`schemecode` = `fund`.`fundid` where `frequency` = ? and `sd`.`opt_code` = ? and `sd`.`type_code` = ? and `sd`.`plan` = ? and `sd`.`status` = ? and `fundclassid` = ? limit 5  
[2020-01-08 05:36:57] local.INFO: array (
  0 => 'Monthly',
  1 => '1',
  2 => '1',
  3 => '6',
  4 => 'Active',
  5 => 26,
)  
[2020-01-08 05:36:57] local.INFO: 3.97  
[2020-01-08 05:36:58] local.INFO: select distinct `fundclass`.`fundclassid`, `fundclass`.`name`, `fundclass`.`assettype`, `fundclass`.`category`, `fundclass`.`subcategory` from `fundclass` inner join `fund` on `fund`.`fundclassid` = `fundclass`.`fundclassid` where `subcategory` = ? and `fundclass`.`inactive` = ?  
[2020-01-08 05:36:58] local.INFO: array (
  0 => 'Equity Oriented',
  1 => 0,
)  
[2020-01-08 05:36:58] local.INFO: 116.34  
[2020-01-08 05:36:58] local.INFO: select * from `fund` inner join `mf_return` on `mf_return`.`schemecode` = `fund`.`fundid` inner join `scheme_details` as `sd` on `sd`.`schemecode` = `fund`.`fundid` inner join `mf_sip` as `s` on `s`.`schemecode` = `fund`.`fundid` where `frequency` = ? and `sd`.`opt_code` = ? and `sd`.`type_code` = ? and `sd`.`plan` = ? and `sd`.`status` = ? and `fundclassid` = ? limit 5  
[2020-01-08 05:36:58] local.INFO: array (
  0 => 'Monthly',
  1 => '1',
  2 => '1',
  3 => '6',
  4 => 'Active',
  5 => 81,
)  
[2020-01-08 05:36:58] local.INFO: 4.14  
[2020-01-08 05:36:58] local.INFO: select distinct `fundclass`.`fundclassid`, `fundclass`.`name`, `fundclass`.`assettype`, `fundclass`.`category`, `fundclass`.`subcategory` from `fundclass` inner join `fund` on `fund`.`fundclassid` = `fundclass`.`fundclassid` where `subcategory` = ? and `fundclass`.`inactive` = ?  
[2020-01-08 05:36:58] local.INFO: array (
  0 => 'Debt Oriented',
  1 => 0,
)  
[2020-01-08 05:36:58] local.INFO: 139.11  
[2020-01-08 05:36:58] local.INFO: select * from `fund` inner join `mf_return` on `mf_return`.`schemecode` = `fund`.`fundid` inner join `scheme_details` as `sd` on `sd`.`schemecode` = `fund`.`fundid` inner join `mf_sip` as `s` on `s`.`schemecode` = `fund`.`fundid` where `frequency` = ? and `sd`.`opt_code` = ? and `sd`.`type_code` = ? and `sd`.`plan` = ? and `sd`.`status` = ? and `fundclassid` = ? limit 5  
[2020-01-08 05:36:58] local.INFO: array (
  0 => 'Monthly',
  1 => '1',
  2 => '1',
  3 => '6',
  4 => 'Active',
  5 => 44,
)  
[2020-01-08 05:36:58] local.INFO: 3.27  
